TN:
SF:index.js
FNF:0
FNH:0
DA:1,1
DA:2,1
LF:2
LH:2
BRDA:1,0,0,1
BRF:1
BRH:1
end_of_record
TN:
SF:lite\index.js
FNF:0
FNH:0
DA:1,1
DA:2,1
DA:3,1
DA:4,1
DA:5,1
DA:6,1
DA:7,1
DA:8,1
DA:9,1
DA:10,1
DA:11,1
DA:12,1
DA:13,1
DA:14,1
DA:15,1
DA:16,1
LF:16
LH:16
BRDA:1,0,0,1
BRDA:11,1,0,58
BRF:2
BRH:2
end_of_record
TN:
SF:src\index.js
FN:7,isObject
FN:8,is$
FN:16,col
FN:22,alias
FN:23,arr
FN:24,int
FN:35,escape
FN:49,pad
FN:74,jsonPath
FN:98,jsonUpdate
FN:106,buildVal
FN:142,batchJSONUpdate
FN:196,compareOp
FN:208,$in
FN:212,$nin
FN:218,$like
FN:219,$ilike
FN:220,$nilike
FN:222,$nlike
FN:224,$regex
FN:240,$exists
FN:243,$between
FN:249,$mod
FN:261,$add
FN:262,$subtract
FN:263,$multiply
FN:264,$divide
FN:265,$mod
FN:266,$abs
FN:267,$ceil
FN:268,$floor
FN:269,$round
FN:274,$pow
FN:275,$sqrt
FN:278,$concat
FN:282,$upper
FN:283,$lower
FN:284,$substr
FN:290,$trim
FN:291,$ltrim
FN:292,$rtrim
FN:293,$strLen
FN:294,$replace
FN:297,$sum
FN:298,$avg
FN:302,$min
FN:303,$max
FN:304,$count
FN:305,$stdDevPop
FN:306,$stdDevSamp
FN:309,$eq
FN:310,$ne
FN:311,$gt
FN:312,$gte
FN:313,$lt
FN:314,$lte
FN:315,$cmp
FN:322,$in
FN:326,$nin
FN:330,$size
FN:338,$and
FN:339,$or
FN:340,$not
FN:343,$cond
FN:347,$ifNull
FN:348,$switch
FN:360,$exists
FN:366,$year
FN:372,$month
FN:378,$dayOfMonth
FN:384,$dayOfWeek
FN:390,$hour
FN:396,$minute
FN:402,$second
FN:408,$week
FN:416,$toString
FN:417,$toInt
FN:418,$toDouble
FN:424,$toBool
FN:425,$toDate
FN:428,$literal
FN:436,$set
FN:438,$inc
FN:442,$mul
FN:446,$min
FN:452,$max
FN:458,$unset
FN:462,$currentDate
FN:470,$rename
FN:487,$match
FN:497,$project
FN:520,$addFields
FN:535,$set
FN:537,$group
FN:575,$sort
FN:583,$limit
FN:585,$skip
FN:587,$count
FN:594,$sample
FN:606,$sortByCount
FN:616,$bucket
FN:647,createQueryBuilder
FN:654,logQuery
FN:662,filter
FN:705,expr
FN:714,expr
FN:727,aggregate
FN:742,wrap
FN:744,applyWhere
FN:751,replace
FN:782,insertMany
FN:806,updateMany
FN:843,deleteMany
FN:864,FindQuery
FN:878,select
FN:898,sort
FN:900,skip
FN:905,limit
FN:910,distinct
FN:915,count
FN:922,toSQL
FN:948,toString
FN:954,collection
FN:958,find
FN:959,findOne
FN:961,insertOne
FN:965,insertMany
FN:967,updateOne
FN:973,updateMany
FN:975,deleteOne
FN:981,deleteMany
FN:983,countDocuments
FN:993,distinct
FN:1003,aggregate
FN:1009,filter
FN:1010,expression
FN:1011,update
FN:1012,stage
FN:1015,db
FNF:139
FNH:128
FNDA:1843,isObject
FNDA:1404,is$
FNDA:1437,col
FNDA:109,alias
FNDA:192,arr
FNDA:60,int
FNDA:749,escape
FNDA:5,pad
FNDA:115,jsonPath
FNDA:16,jsonUpdate
FNDA:6,buildVal
FNDA:21,batchJSONUpdate
FNDA:6,compareOp
FNDA:16,$in
FNDA:10,$nin
FNDA:8,$like
FNDA:7,$ilike
FNDA:4,$nilike
FNDA:4,$nlike
FNDA:3,$regex
FNDA:14,$exists
FNDA:0,$between
FNDA:3,$mod
FNDA:28,$add
FNDA:6,$subtract
FNDA:10,$multiply
FNDA:4,$divide
FNDA:3,$mod
FNDA:3,$abs
FNDA:3,$ceil
FNDA:3,$floor
FNDA:0,$round
FNDA:3,$pow
FNDA:3,$sqrt
FNDA:11,$concat
FNDA:18,$upper
FNDA:3,$lower
FNDA:3,$substr
FNDA:3,$trim
FNDA:3,$ltrim
FNDA:3,$rtrim
FNDA:3,$strLen
FNDA:3,$replace
FNDA:21,$sum
FNDA:17,$avg
FNDA:5,$min
FNDA:7,$max
FNDA:3,$count
FNDA:3,$stdDevPop
FNDA:3,$stdDevSamp
FNDA:31,$eq
FNDA:5,$ne
FNDA:24,$gt
FNDA:9,$gte
FNDA:13,$lt
FNDA:5,$lte
FNDA:3,$cmp
FNDA:9,$in
FNDA:5,$nin
FNDA:3,$size
FNDA:11,$and
FNDA:5,$or
FNDA:5,$not
FNDA:8,$cond
FNDA:3,$ifNull
FNDA:5,$switch
FNDA:5,$exists
FNDA:3,$year
FNDA:3,$month
FNDA:3,$dayOfMonth
FNDA:3,$dayOfWeek
FNDA:3,$hour
FNDA:3,$minute
FNDA:3,$second
FNDA:3,$week
FNDA:3,$toString
FNDA:3,$toInt
FNDA:3,$toDouble
FNDA:3,$toBool
FNDA:3,$toDate
FNDA:3,$literal
FNDA:21,$set
FNDA:10,$inc
FNDA:6,$mul
FNDA:6,$min
FNDA:6,$max
FNDA:6,$unset
FNDA:6,$currentDate
FNDA:7,$rename
FNDA:27,$match
FNDA:16,$project
FNDA:18,$addFields
FNDA:9,$set
FNDA:27,$group
FNDA:15,$sort
FNDA:11,$limit
FNDA:9,$skip
FNDA:8,$count
FNDA:3,$sample
FNDA:9,$sortByCount
FNDA:6,$bucket
FNDA:17,createQueryBuilder
FNDA:401,logQuery
FNDA:310,filter
FNDA:1009,expr
FNDA:625,expr
FNDA:106,aggregate
FNDA:87,wrap
FNDA:87,applyWhere
FNDA:8,replace
FNDA:45,insertMany
FNDA:65,updateMany
FNDA:6,deleteMany
FNDA:108,FindQuery
FNDA:30,select
FNDA:35,sort
FNDA:17,skip
FNDA:20,limit
FNDA:9,distinct
FNDA:0,count
FNDA:108,toSQL
FNDA:0,toString
FNDA:208,collection
FNDA:108,find
FNDA:0,findOne
FNDA:0,insertOne
FNDA:0,insertMany
FNDA:41,updateOne
FNDA:24,updateMany
FNDA:3,deleteOne
FNDA:3,deleteMany
FNDA:26,countDocuments
FNDA:3,distinct
FNDA:0,aggregate
FNDA:1,filter
FNDA:1,expression
FNDA:0,update
FNDA:0,stage
FNDA:0,db
DA:1,1
DA:2,1
DA:3,1
DA:4,1
DA:5,1
DA:6,1
DA:7,1
DA:8,1
DA:9,1
DA:10,1
DA:11,1
DA:12,1
DA:13,1
DA:14,1
DA:15,1
DA:16,1
DA:17,1437
DA:18,1437
DA:19,1437
DA:20,1437
DA:21,1
DA:22,1
DA:23,1
DA:24,1
DA:25,60
DA:26,60
DA:27,60
DA:28,1
DA:29,1
DA:30,1
DA:31,1
DA:32,1
DA:33,1
DA:34,1
DA:35,1
DA:36,749
DA:37,749
DA:38,749
DA:39,749
DA:40,749
DA:41,385
DA:42,385
DA:43,385
DA:44,364
DA:45,749
DA:46,311
DA:47,749
DA:48,3
DA:49,1
DA:50,1
DA:51,1
DA:52,1
DA:53,1
DA:54,1
DA:55,1
DA:56,1
DA:57,1
DA:58,2
DA:59,3
DA:60,3
DA:61,308
DA:62,749
DA:63,19
DA:64,19
DA:65,19
DA:66,289
DA:67,289
DA:68,1
DA:69,1
DA:70,1
DA:71,1
DA:72,1
DA:73,1
DA:74,1
DA:75,115
DA:76,114
DA:77,115
DA:78,104
DA:79,104
DA:80,104
DA:81,104
DA:82,115
DA:83,43
DA:84,43
DA:85,38
DA:86,43
DA:87,43
DA:88,61
DA:89,115
DA:90,8
DA:91,8
DA:92,8
DA:93,8
DA:94,53
DA:95,53
DA:96,1
DA:97,1
DA:98,1
DA:99,16
DA:100,16
DA:101,16
DA:102,16
DA:103,16
DA:104,16
DA:105,16
DA:106,16
DA:107,6
DA:108,6
DA:109,0
DA:110,0
DA:111,0
DA:112,0
DA:113,6
DA:114,16
DA:115,16
DA:116,16
DA:117,16
DA:118,16
DA:119,16
DA:120,16
DA:121,16
DA:122,16
DA:123,3
DA:124,2
DA:125,3
DA:126,3
DA:127,13
DA:128,16
DA:129,7
DA:130,7
DA:131,7
DA:132,5
DA:133,7
DA:134,7
DA:135,6
DA:136,6
DA:137,16
DA:138,4
DA:139,16
DA:140,1
DA:141,1
DA:142,1
DA:143,21
DA:144,21
DA:145,21
DA:146,30
DA:147,6
DA:148,6
DA:149,6
DA:150,30
DA:151,24
DA:152,24
DA:153,21
DA:154,21
DA:155,21
DA:156,21
DA:157,21
DA:158,24
DA:159,21
DA:160,21
DA:161,21
DA:162,6
DA:163,6
DA:164,6
DA:165,6
DA:166,6
DA:167,0
DA:168,0
DA:169,0
DA:170,0
DA:171,0
DA:172,0
DA:173,0
DA:174,0
DA:175,0
DA:176,0
DA:177,0
DA:178,0
DA:179,0
DA:180,0
DA:181,0
DA:182,0
DA:183,0
DA:184,0
DA:185,0
DA:186,0
DA:187,21
DA:188,21
DA:189,21
DA:190,1
DA:191,1
DA:192,1
DA:193,1
DA:194,1
DA:195,1
DA:196,1
DA:197,1
DA:198,1
DA:199,1
DA:200,1
DA:201,1
DA:202,1
DA:203,1
DA:204,1
DA:205,1
DA:206,1
DA:207,1
DA:208,1
DA:209,16
DA:210,16
DA:211,1
DA:212,1
DA:213,10
DA:214,10
DA:215,1
DA:216,1
DA:217,1
DA:218,1
DA:219,1
DA:220,1
DA:221,1
DA:222,1
DA:223,1
DA:224,1
DA:225,3
DA:226,3
DA:227,3
DA:228,1
DA:229,1
DA:230,1
DA:231,0
DA:232,0
DA:233,1
DA:234,1
DA:235,1
DA:236,3
DA:237,1
DA:238,1
DA:239,1
DA:240,1
DA:241,1
DA:242,1
DA:243,1
DA:244,0
DA:245,0
DA:246,1
DA:247,1
DA:248,1
DA:249,1
DA:250,3
DA:251,3
DA:252,1
DA:253,1
DA:254,1
DA:255,1
DA:256,1
DA:257,1
DA:258,1
DA:259,1
DA:260,1
DA:261,1
DA:262,1
DA:263,1
DA:264,1
DA:265,1
DA:266,1
DA:267,1
DA:268,1
DA:269,1
DA:270,0
DA:271,0
DA:272,0
DA:273,1
DA:274,1
DA:275,1
DA:276,1
DA:277,1
DA:278,1
DA:279,11
DA:280,11
DA:281,1
DA:282,1
DA:283,1
DA:284,1
DA:285,3
DA:286,3
DA:287,3
DA:288,3
DA:289,1
DA:290,1
DA:291,1
DA:292,1
DA:293,1
DA:294,1
DA:295,1
DA:296,1
DA:297,1
DA:298,1
DA:299,17
DA:300,17
DA:301,1
DA:302,1
DA:303,1
DA:304,1
DA:305,1
DA:306,1
DA:307,1
DA:308,1
DA:309,1
DA:310,1
DA:311,1
DA:312,1
DA:313,1
DA:314,1
DA:315,1
DA:316,3
DA:317,3
DA:318,3
DA:319,1
DA:320,1
DA:321,1
DA:322,1
DA:323,9
DA:324,9
DA:325,1
DA:326,1
DA:327,5
DA:328,5
DA:329,1
DA:330,1
DA:331,3
DA:332,3
DA:333,2
DA:334,3
DA:335,1
DA:336,1
DA:337,1
DA:338,1
DA:339,1
DA:340,1
DA:341,1
DA:342,1
DA:343,1
DA:344,8
DA:345,8
DA:346,1
DA:347,1
DA:348,1
DA:349,5
DA:350,5
DA:351,0
DA:352,0
DA:353,5
DA:354,6
DA:355,6
DA:356,5
DA:357,5
DA:358,5
DA:359,1
DA:360,1
DA:361,5
DA:362,5
DA:363,1
DA:364,1
DA:365,1
DA:366,1
DA:367,3
DA:368,3
DA:369,2
DA:370,3
DA:371,1
DA:372,1
DA:373,3
DA:374,3
DA:375,2
DA:376,3
DA:377,1
DA:378,1
DA:379,3
DA:380,3
DA:381,2
DA:382,3
DA:383,1
DA:384,1
DA:385,3
DA:386,3
DA:387,2
DA:388,3
DA:389,1
DA:390,1
DA:391,3
DA:392,3
DA:393,2
DA:394,3
DA:395,1
DA:396,1
DA:397,3
DA:398,3
DA:399,2
DA:400,3
DA:401,1
DA:402,1
DA:403,3
DA:404,3
DA:405,2
DA:406,3
DA:407,1
DA:408,1
DA:409,3
DA:410,3
DA:411,2
DA:412,3
DA:413,1
DA:414,1
DA:415,1
DA:416,1
DA:417,1
DA:418,1
DA:419,3
DA:420,3
DA:421,2
DA:422,3
DA:423,1
DA:424,1
DA:425,1
DA:426,1
DA:427,1
DA:428,1
DA:429,1
DA:430,1
DA:431,1
DA:432,1
DA:433,1
DA:434,1
DA:435,1
DA:436,1
DA:437,1
DA:438,1
DA:439,10
DA:440,1
DA:441,1
DA:442,1
DA:443,6
DA:444,1
DA:445,1
DA:446,1
DA:447,6
DA:448,6
DA:449,6
DA:450,1
DA:451,1
DA:452,1
DA:453,6
DA:454,6
DA:455,6
DA:456,1
DA:457,1
DA:458,1
DA:459,6
DA:460,1
DA:461,1
DA:462,1
DA:463,6
DA:464,6
DA:465,6
DA:466,6
DA:467,6
DA:468,1
DA:469,1
DA:470,1
DA:471,7
DA:472,7
DA:473,1
DA:474,1
DA:475,6
DA:476,6
DA:477,6
DA:478,7
DA:479,1
DA:480,1
DA:481,1
DA:482,1
DA:483,1
DA:484,1
DA:485,1
DA:486,1
DA:487,1
DA:488,27
DA:489,27
DA:490,8
DA:491,8
DA:492,27
DA:493,19
DA:494,19
DA:495,1
DA:496,1
DA:497,1
DA:498,16
DA:499,16
DA:500,16
DA:501,30
DA:502,30
DA:503,30
DA:504,13
DA:505,13
DA:506,30
DA:507,0
DA:508,17
DA:509,17
DA:510,17
DA:511,17
DA:512,17
DA:513,0
DA:514,0
DA:515,16
DA:516,16
DA:517,16
DA:518,1
DA:519,1
DA:520,1
DA:521,18
DA:522,18
DA:523,18
DA:524,18
DA:525,27
DA:526,27
DA:527,27
DA:528,27
DA:529,18
DA:530,18
DA:531,18
DA:532,18
DA:533,1
DA:534,1
DA:535,1
DA:536,1
DA:537,1
DA:538,27
DA:539,27
DA:540,27
DA:541,27
DA:542,27
DA:543,2
DA:544,2
DA:545,27
DA:546,0
DA:547,0
DA:548,0
DA:549,0
DA:550,0
DA:551,0
DA:552,25
DA:553,25
DA:554,25
DA:555,25
DA:556,27
DA:557,27
DA:558,27
DA:559,27
DA:560,27
DA:561,29
DA:562,29
DA:563,29
DA:564,29
DA:565,27
DA:566,27
DA:567,27
DA:568,27
DA:569,27
DA:570,27
DA:571,27
DA:572,27
DA:573,1
DA:574,1
DA:575,1
DA:576,15
DA:577,15
DA:578,15
DA:579,15
DA:580,15
DA:581,1
DA:582,1
DA:583,1
DA:584,1
DA:585,1
DA:586,1
DA:587,1
DA:588,8
DA:589,8
DA:590,8
DA:591,8
DA:592,1
DA:593,1
DA:594,1
DA:595,3
DA:596,3
DA:597,3
DA:598,3
DA:599,3
DA:600,3
DA:601,3
DA:602,3
DA:603,3
DA:604,1
DA:605,1
DA:606,1
DA:607,9
DA:608,9
DA:609,9
DA:610,9
DA:611,9
DA:612,9
DA:613,9
DA:614,1
DA:615,1
DA:616,1
DA:617,6
DA:618,6
DA:619,6
DA:620,0
DA:621,0
DA:622,6
DA:623,6
DA:624,6
DA:625,6
DA:626,6
DA:627,6
DA:628,6
DA:629,15
DA:630,15
DA:631,6
DA:632,6
DA:633,6
DA:634,6
DA:635,3
DA:636,6
DA:637,6
DA:638,6
DA:639,6
DA:640,1
DA:641,1
DA:642,1
DA:643,1
DA:644,1
DA:645,1
DA:646,1
DA:647,1
DA:648,17
DA:649,17
DA:650,17
DA:651,17
DA:652,17
DA:653,17
DA:654,17
DA:655,401
DA:656,0
DA:657,0
DA:658,0
DA:659,17
DA:660,17
DA:661,17
DA:662,17
DA:663,310
DA:664,310
DA:665,310
DA:666,310
DA:667,23
DA:668,12
DA:669,12
DA:670,12
DA:671,12
DA:672,23
DA:673,3
DA:674,3
DA:675,3
DA:676,23
DA:677,4
DA:678,0
DA:679,0
DA:680,287
DA:681,287
DA:682,310
DA:683,310
DA:684,310
DA:685,163
DA:686,169
DA:687,169
DA:688,169
DA:689,169
DA:690,169
DA:691,11
DA:692,11
DA:693,158
DA:694,163
DA:695,163
DA:696,163
DA:697,124
DA:698,310
DA:699,310
DA:700,310
DA:701,310
DA:702,17
DA:703,17
DA:704,17
DA:705,17
DA:706,1009
DA:707,381
DA:708,381
DA:709,381
DA:710,628
DA:711,1009
DA:712,370
DA:713,370
DA:714,370
DA:715,370
DA:716,370
DA:717,258
DA:718,1009
DA:719,80
DA:720,80
DA:721,80
DA:722,178
DA:723,178
DA:724,17
DA:725,17
DA:726,17
DA:727,17
DA:728,106
DA:729,106
DA:730,106
DA:731,106
DA:732,106
DA:733,106
DA:734,106
DA:735,106
DA:736,106
DA:737,106
DA:738,106
DA:739,106
DA:740,106
DA:741,106
DA:742,106
DA:743,106
DA:744,106
DA:745,87
DA:746,14
DA:747,14
DA:748,14
DA:749,106
DA:750,106
DA:751,106
DA:752,8
DA:753,8
DA:754,8
DA:755,8
DA:756,9
DA:757,8
DA:758,8
DA:759,106
DA:760,106
DA:761,106
DA:762,106
DA:763,106
DA:764,149
DA:765,149
DA:766,149
DA:767,149
DA:768,106
DA:769,106
DA:770,106
DA:771,106
DA:772,106
DA:773,106
DA:774,106
DA:775,106
DA:776,106
DA:777,106
DA:778,106
DA:779,17
DA:780,17
DA:781,17
DA:782,17
DA:783,45
DA:784,45
DA:785,45
DA:786,45
DA:787,45
DA:788,45
DA:789,45
DA:790,45
DA:791,45
DA:792,45
DA:793,45
DA:794,45
DA:795,45
DA:796,45
DA:797,13
DA:798,13
DA:799,13
DA:800,45
DA:801,45
DA:802,45
DA:803,45
DA:804,17
DA:805,17
DA:806,17
DA:807,65
DA:808,65
DA:809,65
DA:810,65
DA:811,65
DA:812,68
DA:813,68
DA:814,68
DA:815,68
DA:816,68
DA:817,0
DA:818,0
DA:819,0
DA:820,0
DA:821,0
DA:822,0
DA:823,65
DA:824,65
DA:825,65
DA:826,64
DA:827,64
DA:828,64
DA:829,65
DA:830,61
DA:831,61
DA:832,64
DA:833,65
DA:834,0
DA:835,0
DA:836,0
DA:837,64
DA:838,64
DA:839,64
DA:840,64
DA:841,17
DA:842,17
DA:843,17
DA:844,6
DA:845,6
DA:846,6
DA:847,6
DA:848,6
DA:849,0
DA:850,0
DA:851,6
DA:852,6
DA:853,0
DA:854,0
DA:855,0
DA:856,6
DA:857,6
DA:858,6
DA:859,6
DA:860,17
DA:861,17
DA:862,17
DA:863,17
DA:864,17
DA:865,108
DA:866,108
DA:867,108
DA:868,108
DA:869,108
DA:870,108
DA:871,108
DA:872,108
DA:873,108
DA:874,108
DA:875,108
DA:876,108
DA:877,17
DA:878,17
DA:879,30
DA:880,12
DA:881,12
DA:882,12
DA:883,12
DA:884,12
DA:885,12
DA:886,12
DA:887,12
DA:888,12
DA:889,12
DA:890,30
DA:891,18
DA:892,18
DA:893,0
DA:894,0
DA:895,30
DA:896,30
DA:897,17
DA:898,17
DA:899,17
DA:900,17
DA:901,17
DA:902,17
DA:903,17
DA:904,17
DA:905,17
DA:906,20
DA:907,20
DA:908,20
DA:909,17
DA:910,17
DA:911,9
DA:912,9
DA:913,9
DA:914,17
DA:915,17
DA:916,0
DA:917,0
DA:918,0
DA:919,0
DA:920,0
DA:921,17
DA:922,17
DA:923,108
DA:924,108
DA:925,108
DA:926,108
DA:927,108
DA:928,63
DA:929,63
DA:930,108
DA:931,108
DA:932,35
DA:933,38
DA:934,38
DA:935,38
DA:936,38
DA:937,38
DA:938,38
DA:939,35
DA:940,35
DA:941,108
DA:942,73
DA:943,73
DA:944,108
DA:945,108
DA:946,108
DA:947,17
DA:948,17
DA:949,0
DA:950,0
DA:951,17
DA:952,17
DA:953,17
DA:954,17
DA:955,208
DA:956,208
DA:957,208
DA:958,208
DA:959,208
DA:960,208
DA:961,208
DA:962,0
DA:963,0
DA:964,208
DA:965,208
DA:966,208
DA:967,208
DA:968,41
DA:969,41
DA:970,40
DA:971,40
DA:972,208
DA:973,208
DA:974,208
DA:975,208
DA:976,3
DA:977,3
DA:978,3
DA:979,3
DA:980,208
DA:981,208
DA:982,208
DA:983,208
DA:984,26
DA:985,26
DA:986,16
DA:987,16
DA:988,26
DA:989,26
DA:990,26
DA:991,208
DA:992,208
DA:993,208
DA:994,3
DA:995,3
DA:996,3
DA:997,0
DA:998,0
DA:999,3
DA:1000,3
DA:1001,208
DA:1002,208
DA:1003,208
DA:1004,208
DA:1005,17
DA:1006,17
DA:1007,17
DA:1008,17
DA:1009,17
DA:1010,17
DA:1011,17
DA:1012,17
DA:1013,17
DA:1014,17
DA:1015,17
DA:1016,17
DA:1017,17
DA:1018,17
DA:1019,17
DA:1020,17
DA:1021,17
DA:1022,17
DA:1023,17
DA:1024,17
DA:1025,17
DA:1026,17
DA:1027,17
DA:1028,17
DA:1029,17
DA:1030,1
DA:1031,1
DA:1032,1
DA:1033,1
DA:1034,1
DA:1035,1
DA:1036,1
DA:1037,1
DA:1038,1
DA:1039,1
DA:1040,1
DA:1041,1
DA:1042,1
DA:1043,1
LF:1043
LH:967
BRDA:1,0,0,1
BRDA:7,1,0,1843
BRDA:7,2,0,1126
BRDA:7,3,0,1125
BRDA:8,4,0,1404
BRDA:8,5,0,850
BRDA:16,6,0,1437
BRDA:17,7,0,0
BRDA:19,8,0,0
BRDA:19,9,0,1437
BRDA:22,10,0,109
BRDA:23,11,0,192
BRDA:23,12,0,0
BRDA:24,13,0,60
BRDA:26,14,0,0
BRDA:35,15,0,749
BRDA:36,16,0,0
BRDA:37,17,0,0
BRDA:40,18,0,364
BRDA:40,19,0,385
BRDA:41,20,0,0
BRDA:44,21,0,364
BRDA:45,22,0,53
BRDA:45,23,0,17
BRDA:45,24,0,15
BRDA:45,25,0,2
BRDA:45,26,0,36
BRDA:45,27,0,32
BRDA:45,28,0,4
BRDA:46,29,0,311
BRDA:47,30,0,3
BRDA:48,31,0,1
BRDA:58,32,0,2
BRDA:59,33,0,1
BRDA:59,34,0,1
BRDA:61,35,0,308
BRDA:62,36,0,298
BRDA:62,37,0,19
BRDA:64,38,0,6
BRDA:64,39,0,13
BRDA:66,40,0,289
BRDA:49,41,0,5
BRDA:74,42,0,115
BRDA:75,43,0,1
BRDA:76,44,0,114
BRDA:77,45,0,10
BRDA:78,46,0,104
BRDA:82,47,0,43
BRDA:84,48,0,5
BRDA:84,49,0,38
BRDA:85,50,0,0
BRDA:86,51,0,0
BRDA:88,52,0,61
BRDA:89,53,0,8
BRDA:91,54,0,2
BRDA:91,55,0,6
BRDA:92,56,0,0
BRDA:94,57,0,53
BRDA:98,58,0,16
BRDA:100,59,0,0
BRDA:117,60,0,3
BRDA:117,61,0,13
BRDA:118,62,0,3
BRDA:118,63,0,13
BRDA:119,64,0,3
BRDA:119,65,0,13
BRDA:122,66,0,3
BRDA:123,67,0,1
BRDA:123,68,0,2
BRDA:124,69,0,1
BRDA:124,70,0,1
BRDA:127,71,0,13
BRDA:128,72,0,9
BRDA:128,73,0,7
BRDA:129,74,0,4
BRDA:129,75,0,3
BRDA:130,76,0,0
BRDA:131,77,0,2
BRDA:131,78,0,5
BRDA:132,79,0,2
BRDA:132,80,0,3
BRDA:135,81,0,6
BRDA:137,82,0,2
BRDA:137,83,0,4
BRDA:138,84,0,2
BRDA:138,85,0,2
BRDA:106,86,0,6
BRDA:107,87,0,0
BRDA:108,88,0,0
BRDA:113,89,0,2
BRDA:113,90,0,4
BRDA:142,91,0,21
BRDA:145,92,0,30
BRDA:146,93,0,6
BRDA:150,94,0,24
BRDA:157,95,0,24
BRDA:161,96,0,6
BRDA:166,97,0,0
BRDA:196,98,0,6
BRDA:196,99,0,93
BRDA:208,100,0,16
BRDA:210,101,0,3
BRDA:210,102,0,13
BRDA:210,103,0,24
BRDA:212,104,0,10
BRDA:214,105,0,3
BRDA:214,106,0,7
BRDA:214,107,0,15
BRDA:218,108,0,8
BRDA:219,109,0,7
BRDA:219,110,0,3
BRDA:219,111,0,4
BRDA:219,112,0,0
BRDA:220,113,0,4
BRDA:220,114,0,1
BRDA:220,115,0,3
BRDA:220,116,0,0
BRDA:222,117,0,4
BRDA:224,118,0,3
BRDA:225,119,0,0
BRDA:226,120,0,0
BRDA:227,121,0,1
BRDA:229,122,0,0
BRDA:231,123,0,0
BRDA:233,124,0,0
BRDA:236,125,0,2
BRDA:236,126,0,1
BRDA:236,127,0,1
BRDA:240,128,0,14
BRDA:240,129,0,7
BRDA:240,130,0,7
BRDA:249,131,0,3
BRDA:250,132,0,0
BRDA:261,133,0,28
BRDA:261,134,0,58
BRDA:262,135,0,6
BRDA:262,136,0,12
BRDA:263,137,0,10
BRDA:263,138,0,21
BRDA:264,139,0,4
BRDA:265,140,0,3
BRDA:266,141,0,3
BRDA:267,142,0,3
BRDA:268,143,0,3
BRDA:274,144,0,3
BRDA:275,145,0,3
BRDA:278,146,0,11
BRDA:280,147,0,9
BRDA:280,148,0,4
BRDA:280,149,0,7
BRDA:279,150,0,36
BRDA:282,151,0,18
BRDA:283,152,0,3
BRDA:284,153,0,3
BRDA:287,154,0,0
BRDA:288,155,0,0
BRDA:290,156,0,3
BRDA:291,157,0,3
BRDA:292,158,0,3
BRDA:293,159,0,3
BRDA:294,160,0,3
BRDA:297,161,0,21
BRDA:297,162,0,3
BRDA:297,163,0,18
BRDA:298,164,0,17
BRDA:300,165,0,4
BRDA:300,166,0,13
BRDA:302,167,0,5
BRDA:302,168,0,3
BRDA:302,169,0,2
BRDA:302,170,0,5
BRDA:303,171,0,7
BRDA:303,172,0,6
BRDA:303,173,0,1
BRDA:303,174,0,3
BRDA:304,175,0,3
BRDA:305,176,0,3
BRDA:306,177,0,3
BRDA:309,178,0,31
BRDA:310,179,0,5
BRDA:311,180,0,24
BRDA:312,181,0,9
BRDA:313,182,0,13
BRDA:314,183,0,5
BRDA:315,184,0,3
BRDA:322,185,0,9
BRDA:323,186,0,0
BRDA:324,187,0,17
BRDA:326,188,0,5
BRDA:327,189,0,0
BRDA:328,190,0,11
BRDA:330,191,0,3
BRDA:332,192,0,1
BRDA:332,193,0,2
BRDA:333,194,0,1
BRDA:333,195,0,1
BRDA:338,196,0,11
BRDA:338,197,0,22
BRDA:339,198,0,5
BRDA:339,199,0,10
BRDA:340,200,0,5
BRDA:343,201,0,8
BRDA:344,202,0,0
BRDA:347,203,0,3
BRDA:348,204,0,5
BRDA:350,205,0,0
BRDA:357,206,0,0
BRDA:353,207,0,6
BRDA:354,208,0,0
BRDA:360,209,0,5
BRDA:361,210,0,0
BRDA:362,211,0,4
BRDA:362,212,0,1
BRDA:366,213,0,3
BRDA:368,214,0,1
BRDA:368,215,0,2
BRDA:369,216,0,1
BRDA:369,217,0,1
BRDA:372,218,0,3
BRDA:374,219,0,1
BRDA:374,220,0,2
BRDA:375,221,0,1
BRDA:375,222,0,1
BRDA:378,223,0,3
BRDA:380,224,0,1
BRDA:380,225,0,2
BRDA:381,226,0,1
BRDA:381,227,0,1
BRDA:384,228,0,3
BRDA:386,229,0,1
BRDA:386,230,0,2
BRDA:387,231,0,1
BRDA:387,232,0,1
BRDA:390,233,0,3
BRDA:392,234,0,1
BRDA:392,235,0,2
BRDA:393,236,0,1
BRDA:393,237,0,1
BRDA:396,238,0,3
BRDA:398,239,0,1
BRDA:398,240,0,2
BRDA:399,241,0,1
BRDA:399,242,0,1
BRDA:402,243,0,3
BRDA:404,244,0,1
BRDA:404,245,0,2
BRDA:405,246,0,1
BRDA:405,247,0,1
BRDA:408,248,0,3
BRDA:410,249,0,1
BRDA:410,250,0,2
BRDA:411,251,0,1
BRDA:411,252,0,1
BRDA:416,253,0,3
BRDA:417,254,0,3
BRDA:418,255,0,3
BRDA:420,256,0,1
BRDA:420,257,0,2
BRDA:421,258,0,1
BRDA:421,259,0,1
BRDA:424,260,0,3
BRDA:425,261,0,3
BRDA:428,262,0,3
BRDA:436,263,0,21
BRDA:438,264,0,10
BRDA:438,265,0,10
BRDA:439,266,0,4
BRDA:439,267,0,6
BRDA:442,268,0,6
BRDA:442,269,0,6
BRDA:443,270,0,3
BRDA:443,271,0,3
BRDA:446,272,0,6
BRDA:446,273,0,6
BRDA:447,274,0,0
BRDA:448,275,0,2
BRDA:448,276,0,4
BRDA:449,277,0,0
BRDA:452,278,0,6
BRDA:452,279,0,6
BRDA:453,280,0,0
BRDA:454,281,0,2
BRDA:454,282,0,4
BRDA:455,283,0,0
BRDA:458,284,0,6
BRDA:458,285,0,6
BRDA:459,286,0,3
BRDA:459,287,0,3
BRDA:462,288,0,6
BRDA:463,289,0,2
BRDA:463,290,0,4
BRDA:463,291,0,2
BRDA:463,292,0,2
BRDA:464,293,0,6
BRDA:465,294,0,0
BRDA:465,295,0,0
BRDA:466,296,0,0
BRDA:470,297,0,7
BRDA:471,298,0,7
BRDA:472,299,0,6
BRDA:472,300,0,1
BRDA:475,301,0,6
BRDA:487,302,0,27
BRDA:489,303,0,8
BRDA:492,304,0,19
BRDA:497,305,0,16
BRDA:500,306,0,30
BRDA:503,307,0,17
BRDA:503,308,0,13
BRDA:504,309,0,0
BRDA:506,310,0,17
BRDA:506,311,0,0
BRDA:508,312,0,9
BRDA:512,313,0,0
BRDA:520,314,0,18
BRDA:523,315,0,0
BRDA:531,316,0,0
BRDA:524,317,0,27
BRDA:535,318,0,9
BRDA:537,319,0,27
BRDA:542,320,0,2
BRDA:545,321,0,25
BRDA:545,322,0,0
BRDA:545,323,0,0
BRDA:568,324,0,25
BRDA:559,325,0,56
BRDA:560,326,0,29
BRDA:575,327,0,15
BRDA:576,328,0,15
BRDA:577,329,0,8
BRDA:577,330,0,4
BRDA:577,331,0,4
BRDA:578,332,0,11
BRDA:578,333,0,4
BRDA:578,334,0,11
BRDA:583,335,0,11
BRDA:585,336,0,9
BRDA:587,337,0,8
BRDA:594,338,0,3
BRDA:598,339,0,1
BRDA:598,340,0,2
BRDA:598,341,0,1
BRDA:598,342,0,1
BRDA:606,343,0,9
BRDA:616,344,0,6
BRDA:619,345,0,0
BRDA:628,346,0,15
BRDA:634,347,0,3
BRDA:636,348,0,3
BRDA:638,349,0,3
BRDA:638,350,0,3
BRDA:634,351,0,3
BRDA:647,352,0,17
BRDA:648,353,0,1
BRDA:649,354,0,1
BRDA:650,355,0,1
BRDA:651,356,0,1
BRDA:654,357,0,401
BRDA:655,358,0,0
BRDA:662,359,0,310
BRDA:663,360,0,0
BRDA:665,361,0,310
BRDA:666,362,0,23
BRDA:667,363,0,17
BRDA:667,364,0,12
BRDA:669,365,0,6
BRDA:669,366,0,6
BRDA:672,367,0,11
BRDA:672,368,0,3
BRDA:676,369,0,8
BRDA:676,370,0,4
BRDA:678,371,0,0
BRDA:680,372,0,287
BRDA:682,373,0,19
BRDA:682,374,0,268
BRDA:684,375,0,163
BRDA:695,376,0,6
BRDA:695,377,0,157
BRDA:697,378,0,124
BRDA:698,379,0,7
BRDA:698,380,0,117
BRDA:698,381,0,28
BRDA:698,382,0,89
BRDA:699,383,0,8
BRDA:699,384,0,4
BRDA:699,385,0,120
BRDA:670,386,0,24
BRDA:674,387,0,6
BRDA:685,388,0,169
BRDA:686,389,0,92
BRDA:687,390,0,77
BRDA:687,391,0,14
BRDA:687,392,0,63
BRDA:688,393,0,11
BRDA:688,394,0,9
BRDA:688,395,0,160
BRDA:689,396,0,0
BRDA:690,397,0,162
BRDA:690,398,0,11
BRDA:691,399,0,4
BRDA:691,400,0,7
BRDA:693,401,0,158
BRDA:705,402,0,1009
BRDA:706,403,0,381
BRDA:708,404,0,45
BRDA:708,405,0,336
BRDA:710,406,0,628
BRDA:711,407,0,370
BRDA:713,408,0,0
BRDA:715,409,0,320
BRDA:715,410,0,50
BRDA:717,411,0,258
BRDA:718,412,0,80
BRDA:719,413,0,0
BRDA:720,414,0,0
BRDA:722,415,0,178
BRDA:714,416,0,625
BRDA:727,417,0,106
BRDA:727,418,0,106
BRDA:771,419,0,5
BRDA:772,420,0,40
BRDA:773,421,0,6
BRDA:742,422,0,87
BRDA:744,423,0,87
BRDA:745,424,0,14
BRDA:751,425,0,8
BRDA:754,426,0,1
BRDA:755,427,0,9
BRDA:763,428,0,149
BRDA:764,429,0,0
BRDA:766,430,0,0
BRDA:782,431,0,45
BRDA:784,432,0,0
BRDA:787,433,0,0
BRDA:796,434,0,13
BRDA:796,435,0,13
BRDA:797,436,0,0
BRDA:786,437,0,45
BRDA:790,438,0,45
BRDA:791,439,0,101
BRDA:791,440,0,0
BRDA:806,441,0,65
BRDA:807,442,0,0
BRDA:825,443,0,0
BRDA:826,444,0,64
BRDA:829,445,0,61
BRDA:832,446,0,64
BRDA:833,447,0,21
BRDA:833,448,0,0
BRDA:837,449,0,64
BRDA:811,450,0,68
BRDA:813,451,0,0
BRDA:815,452,0,67
BRDA:815,453,0,0
BRDA:816,454,0,0
BRDA:843,455,0,6
BRDA:848,456,0,0
BRDA:852,457,0,2
BRDA:852,458,0,0
BRDA:864,459,0,108
BRDA:875,460,0,30
BRDA:878,461,0,30
BRDA:879,462,0,12
BRDA:889,463,0,0
BRDA:890,464,0,18
BRDA:892,465,0,0
BRDA:881,466,0,15
BRDA:881,467,0,9
BRDA:882,468,0,6
BRDA:882,469,0,0
BRDA:885,470,0,15
BRDA:885,471,0,6
BRDA:886,472,0,9
BRDA:891,473,0,24
BRDA:891,474,0,3
BRDA:891,475,0,21
BRDA:898,476,0,35
BRDA:900,477,0,17
BRDA:905,478,0,20
BRDA:910,479,0,9
BRDA:922,480,0,108
BRDA:923,481,0,78
BRDA:924,482,0,9
BRDA:924,483,0,99
BRDA:927,484,0,63
BRDA:931,485,0,35
BRDA:941,486,0,73
BRDA:932,487,0,38
BRDA:933,488,0,3
BRDA:933,489,0,35
BRDA:934,490,0,19
BRDA:935,491,0,12
BRDA:935,492,0,6
BRDA:935,493,0,6
BRDA:936,494,0,26
BRDA:936,495,0,12
BRDA:936,496,0,3
BRDA:936,497,0,0
BRDA:937,498,0,23
BRDA:937,499,0,10
BRDA:937,500,0,13
BRDA:938,501,0,10
BRDA:938,502,0,13
BRDA:954,503,0,208
BRDA:958,504,0,108
BRDA:967,505,0,41
BRDA:969,506,0,27
BRDA:970,507,0,40
BRDA:973,508,0,24
BRDA:975,509,0,3
BRDA:977,510,0,2
BRDA:981,511,0,3
BRDA:983,512,0,26
BRDA:985,513,0,16
BRDA:993,514,0,3
BRDA:994,515,0,0
BRDA:996,516,0,0
BRDA:1009,517,0,1
BRDA:1010,518,0,1
BRF:519
BRH:445
end_of_record
TN:
SF:src\memory.js
FNF:0
FNH:0
DA:1,1
LF:1
LH:1
BRDA:1,0,0,1
BRF:1
BRH:1
end_of_record
TN:
SF:src\schemaless.js
FN:12,inferSQLType
FN:14,string
FN:14,number
FN:15,number
FN:16,number
FN:29,widenType
FN:36,escapeValue
FN:41,pad
FN:55,normalizeResult
FN:71,SQLCollection
FN:80,initialize
FN:81,createTable
FN:90,migrate
FN:95,classifyError
FN:96,execWithDDLRetry
FN:97,applyDefaults
FN:98,filterHidden
FN:99,generateId
FN:100,insertOne
FN:109,insertMany
FN:110,find
FN:110,sort
FN:110,skip
FN:110,limit
FN:110,distinct
FN:110,toArray
FN:110,count
FN:111,findOne
FN:112,updateOne
FN:113,updateMany
FN:114,upsertOne
FN:115,deleteOne
FN:116,deleteMany
FN:117,countDocuments
FN:118,estimatedDocumentCount
FN:119,distinct
FN:120,findMany
FN:121,aggregate
FN:122,createIndex
FN:123,dropColumn
FN:126,createSQLAdapter
FN:132,execute
FN:133,tableExists
FN:134,getTableSchema
FN:135,buildInsert
FN:136,buildFind
FN:137,buildFindWithOptions
FN:138,buildUpdateOne
FN:139,buildUpdateMany
FN:140,buildDeleteOne
FN:141,buildDeleteMany
FN:142,buildCount
FN:143,buildAggregate
FN:144,buildDistinct
FN:145,collection
FN:146,dropCollection
FN:147,listCollections
FN:148,createTableWithSchema
FN:148,toType
FN:149,addColumn
FN:150,renameColumn
FN:151,modifyColumn
FN:152,dropIndex
FN:153,dropColumn
FN:154,createIndex
FN:159,createSchemalessAdapter
FN:165,execute
FN:172,execute
FN:177,execute
FNF:69
FNH:63
FNDA:108,inferSQLType
FNDA:14,string
FNDA:8,number
FNDA:9,number
FNDA:15,number
FNDA:96,widenType
FNDA:12,escapeValue
FNDA:0,pad
FNDA:359,normalizeResult
FNDA:30,SQLCollection
FNDA:157,initialize
FNDA:13,createTable
FNDA:46,migrate
FNDA:2,classifyError
FNDA:165,execWithDDLRetry
FNDA:45,applyDefaults
FNDA:143,filterHidden
FNDA:6,generateId
FNDA:45,insertOne
FNDA:4,insertMany
FNDA:27,find
FNDA:0,sort
FNDA:0,skip
FNDA:0,limit
FNDA:0,distinct
FNDA:27,toArray
FNDA:0,count
FNDA:17,findOne
FNDA:10,updateOne
FNDA:6,updateMany
FNDA:6,upsertOne
FNDA:3,deleteOne
FNDA:3,deleteMany
FNDA:6,countDocuments
FNDA:3,estimatedDocumentCount
FNDA:3,distinct
FNDA:25,findMany
FNDA:6,aggregate
FNDA:3,createIndex
FNDA:3,dropColumn
FNDA:8,createSQLAdapter
FNDA:363,execute
FNDA:18,tableExists
FNDA:75,getTableSchema
FNDA:45,buildInsert
FNDA:34,buildFind
FNDA:35,buildFindWithOptions
FNDA:10,buildUpdateOne
FNDA:6,buildUpdateMany
FNDA:3,buildDeleteOne
FNDA:3,buildDeleteMany
FNDA:26,buildCount
FNDA:6,buildAggregate
FNDA:3,buildDistinct
FNDA:25,collection
FNDA:7,dropCollection
FNDA:4,listCollections
FNDA:5,createTableWithSchema
FNDA:21,toType
FNDA:3,addColumn
FNDA:3,renameColumn
FNDA:4,modifyColumn
FNDA:3,dropIndex
FNDA:2,dropColumn
FNDA:3,createIndex
FNDA:9,createSchemalessAdapter
FNDA:145,execute
FNDA:101,execute
FNDA:117,execute
DA:1,1
DA:2,1
DA:3,1
DA:4,1
DA:5,1
DA:6,1
DA:7,1
DA:8,1
DA:9,1
DA:10,1
DA:11,1
DA:12,1
DA:13,108
DA:14,108
DA:15,108
DA:16,108
DA:17,108
DA:18,108
DA:19,108
DA:20,108
DA:21,108
DA:22,95
DA:23,108
DA:24,108
DA:25,11
DA:26,108
DA:27,1
DA:28,1
DA:29,1
DA:30,96
DA:31,96
DA:32,96
DA:33,96
DA:34,1
DA:35,1
DA:36,1
DA:37,12
DA:38,12
DA:39,12
DA:40,12
DA:41,0
DA:42,0
DA:43,0
DA:44,0
DA:45,0
DA:46,0
DA:47,0
DA:48,0
DA:49,0
DA:50,0
DA:51,12
DA:52,3
DA:53,1
DA:54,1
DA:55,1
DA:56,359
DA:57,114
DA:58,114
DA:59,53
DA:60,53
DA:61,61
DA:62,61
DA:63,359
DA:64,101
DA:65,101
DA:66,359
DA:67,62
DA:68,1
DA:69,1
DA:70,1
DA:71,1
DA:72,30
DA:73,30
DA:74,30
DA:75,30
DA:76,30
DA:77,30
DA:78,30
DA:79,30
DA:80,1
DA:81,1
DA:82,13
DA:83,13
DA:84,13
DA:85,13
DA:86,13
DA:87,13
DA:88,13
DA:89,13
DA:90,1
DA:91,46
DA:92,46
DA:93,46
DA:94,46
DA:95,1
DA:96,1
DA:97,1
DA:98,1
DA:99,1
DA:100,1
DA:101,45
DA:102,45
DA:103,45
DA:104,45
DA:105,45
DA:106,45
DA:107,45
DA:108,45
DA:109,1
DA:110,1
DA:111,1
DA:112,1
DA:113,1
DA:114,1
DA:115,1
DA:116,1
DA:117,1
DA:118,1
DA:119,1
DA:120,1
DA:121,1
DA:122,1
DA:123,1
DA:124,1
DA:125,1
DA:126,1
DA:127,8
DA:128,8
DA:129,8
DA:130,8
DA:131,8
DA:132,8
DA:133,8
DA:134,8
DA:135,8
DA:136,8
DA:137,8
DA:138,8
DA:139,8
DA:140,8
DA:141,8
DA:142,8
DA:143,8
DA:144,8
DA:145,8
DA:146,8
DA:147,8
DA:148,8
DA:149,8
DA:150,8
DA:151,8
DA:152,8
DA:153,8
DA:154,8
DA:155,8
DA:156,8
DA:157,1
DA:158,1
DA:159,1
DA:160,9
DA:161,9
DA:162,9
DA:163,1
DA:164,9
DA:165,6
DA:166,145
DA:167,145
DA:168,62
DA:169,62
DA:170,6
DA:171,8
DA:172,1
DA:173,101
DA:174,101
DA:175,1
DA:176,1
DA:177,1
DA:178,117
DA:179,1
DA:180,1
DA:181,0
DA:182,0
DA:183,8
DA:184,1
DA:185,1
DA:186,1
LF:186
LH:174
BRDA:1,0,0,1
BRDA:12,1,0,108
BRDA:19,2,0,0
BRDA:20,3,0,7
BRDA:21,4,0,101
BRDA:21,5,0,6
BRDA:21,6,0,6
BRDA:22,7,0,95
BRDA:23,8,0,52
BRDA:23,9,0,14
BRDA:23,10,0,38
BRDA:24,11,0,43
BRDA:24,12,0,32
BRDA:24,13,0,0
BRDA:25,14,0,11
BRDA:26,15,0,0
BRDA:26,16,0,0
BRDA:14,17,0,14
BRDA:14,18,0,0
BRDA:14,19,0,8
BRDA:14,20,0,0
BRDA:15,21,0,9
BRDA:15,22,0,0
BRDA:16,23,0,15
BRDA:16,24,0,0
BRDA:29,25,0,96
BRDA:33,26,0,14
BRDA:33,27,0,9
BRDA:33,28,0,8
BRDA:33,29,0,88
BRDA:36,30,0,12
BRDA:37,31,0,0
BRDA:38,32,0,0
BRDA:39,33,0,3
BRDA:39,34,0,1
BRDA:39,35,0,0
BRDA:39,36,0,2
BRDA:39,37,0,0
BRDA:40,38,0,9
BRDA:40,39,0,0
BRDA:51,40,0,9
BRDA:51,41,0,6
BRDA:52,42,0,3
BRDA:55,43,0,359
BRDA:56,44,0,114
BRDA:56,45,0,114
BRDA:56,46,0,114
BRDA:58,47,0,53
BRDA:59,48,0,0
BRDA:61,49,0,61
BRDA:63,50,0,245
BRDA:63,51,0,101
BRDA:66,52,0,144
BRDA:66,53,0,82
BRDA:67,54,0,62
BRDA:71,55,0,30
BRDA:75,56,0,25
BRDA:78,57,0,0
BRDA:78,58,0,24
BRDA:78,59,0,3
BRDA:78,60,0,27
BRDA:80,61,0,157
BRDA:80,62,0,139
BRDA:80,63,0,18
BRDA:80,64,0,8
BRDA:80,65,0,8
BRDA:80,66,0,0
BRDA:80,67,0,18
BRDA:80,68,0,0
BRDA:81,69,0,13
BRDA:82,70,0,0
BRDA:82,71,0,0
BRDA:84,72,0,9
BRDA:84,73,0,1
BRDA:84,74,0,8
BRDA:84,75,0,1
BRDA:84,76,0,7
BRDA:84,77,0,4
BRDA:84,78,0,1
BRDA:84,79,0,3
BRDA:84,80,0,1
BRDA:84,81,0,2
BRDA:85,82,0,2
BRDA:85,83,0,11
BRDA:85,84,0,2
BRDA:85,85,0,9
BRDA:88,86,0,33
BRDA:88,87,0,7
BRDA:88,88,0,26
BRDA:88,89,0,31
BRDA:88,90,0,2
BRDA:83,91,0,37
BRDA:83,92,0,4
BRDA:83,93,0,33
BRDA:83,94,0,0
BRDA:83,95,0,33
BRDA:83,96,0,23
BRDA:83,97,0,10
BRDA:83,98,0,23
BRDA:83,99,0,5
BRDA:83,100,0,28
BRDA:83,101,0,23
BRDA:83,102,0,0
BRDA:83,103,0,33
BRDA:83,104,0,23
BRDA:83,105,0,9
BRDA:83,106,0,0
BRDA:83,107,0,24
BRDA:90,108,0,46
BRDA:93,109,0,23
BRDA:93,110,0,0
BRDA:92,111,0,104
BRDA:92,112,0,6
BRDA:92,113,0,98
BRDA:92,114,0,2
BRDA:92,115,0,0
BRDA:92,116,0,0
BRDA:92,117,0,0
BRDA:92,118,0,0
BRDA:92,119,0,0
BRDA:92,120,0,0
BRDA:92,121,0,0
BRDA:92,122,0,0
BRDA:92,123,0,0
BRDA:92,124,0,96
BRDA:92,125,0,0
BRDA:92,126,0,0
BRDA:92,127,0,21
BRDA:92,128,0,21
BRDA:92,129,0,5
BRDA:92,130,0,16
BRDA:95,131,0,2
BRDA:95,132,0,0
BRDA:95,133,0,1
BRDA:95,134,0,1
BRDA:95,135,0,1
BRDA:95,136,0,1
BRDA:96,137,0,165
BRDA:96,138,0,2
BRDA:96,139,0,1
BRDA:96,140,0,0
BRDA:96,141,0,1
BRDA:96,142,0,0
BRDA:96,143,0,0
BRDA:97,144,0,45
BRDA:98,145,0,143
BRDA:98,146,0,0
BRDA:99,147,0,6
BRDA:99,148,0,3
BRDA:99,149,0,0
BRDA:99,150,0,48
BRDA:100,151,0,45
BRDA:100,152,0,6
BRDA:101,153,0,7
BRDA:104,154,0,13
BRDA:104,155,0,32
BRDA:106,156,0,6
BRDA:106,157,0,39
BRDA:106,158,0,28
BRDA:106,159,0,11
BRDA:106,160,0,17
BRDA:109,161,0,4
BRDA:109,162,0,7
BRDA:109,163,0,6
BRDA:109,164,0,3
BRDA:110,165,0,27
BRDA:110,166,0,24
BRDA:110,167,0,23
BRDA:110,168,0,23
BRDA:110,169,0,27
BRDA:110,170,0,17
BRDA:110,171,0,17
BRDA:110,172,0,17
BRDA:110,173,0,10
BRDA:110,174,0,17
BRDA:110,175,0,0
BRDA:110,176,0,46
BRDA:111,177,0,17
BRDA:111,178,0,0
BRDA:111,179,0,0
BRDA:112,180,0,10
BRDA:112,181,0,0
BRDA:112,182,0,4
BRDA:112,183,0,1
BRDA:112,184,0,0
BRDA:112,185,0,0
BRDA:112,186,0,0
BRDA:112,187,0,0
BRDA:112,188,0,8
BRDA:112,189,0,8
BRDA:112,190,0,6
BRDA:113,191,0,6
BRDA:113,192,0,0
BRDA:113,193,0,0
BRDA:113,194,0,3
BRDA:113,195,0,0
BRDA:113,196,0,0
BRDA:113,197,0,0
BRDA:113,198,0,0
BRDA:113,199,0,2
BRDA:113,200,0,2
BRDA:113,201,0,0
BRDA:114,202,0,6
BRDA:114,203,0,0
BRDA:114,204,0,0
BRDA:114,205,0,0
BRDA:114,206,0,0
BRDA:114,207,0,0
BRDA:115,208,0,3
BRDA:115,209,0,1
BRDA:115,210,0,1
BRDA:115,211,0,0
BRDA:116,212,0,3
BRDA:116,213,0,1
BRDA:116,214,0,1
BRDA:116,215,0,0
BRDA:117,216,0,6
BRDA:117,217,0,0
BRDA:117,218,0,0
BRDA:118,219,0,3
BRDA:119,220,0,3
BRDA:119,221,0,0
BRDA:119,222,0,15
BRDA:120,223,0,25
BRDA:120,224,0,0
BRDA:120,225,0,15
BRDA:120,226,0,15
BRDA:120,227,0,10
BRDA:120,228,0,13
BRDA:120,229,0,12
BRDA:120,230,0,10
BRDA:120,231,0,10
BRDA:120,232,0,15
BRDA:120,233,0,3
BRDA:120,234,0,12
BRDA:120,235,0,0
BRDA:120,236,0,4
BRDA:120,237,0,0
BRDA:120,238,0,0
BRDA:120,239,0,10
BRDA:120,240,0,15
BRDA:120,241,0,13
BRDA:120,242,0,12
BRDA:120,243,0,74
BRDA:121,244,0,6
BRDA:121,245,0,0
BRDA:121,246,0,6
BRDA:122,247,0,3
BRDA:122,248,0,0
BRDA:122,249,0,1
BRDA:122,250,0,0
BRDA:122,251,0,1
BRDA:122,252,0,0
BRDA:122,253,0,2
BRDA:123,254,0,3
BRDA:123,255,0,1
BRDA:123,256,0,2
BRDA:123,257,0,0
BRDA:123,258,0,0
BRDA:123,259,0,2
BRDA:126,260,0,8
BRDA:128,261,0,0
BRDA:129,262,0,0
BRDA:132,263,0,363
BRDA:132,264,0,359
BRDA:133,265,0,18
BRDA:133,266,0,5
BRDA:133,267,0,13
BRDA:133,268,0,5
BRDA:133,269,0,8
BRDA:133,270,0,6
BRDA:133,271,0,12
BRDA:133,272,0,14
BRDA:133,273,0,8
BRDA:133,274,0,10
BRDA:133,275,0,4
BRDA:133,276,0,0
BRDA:134,277,0,75
BRDA:134,278,0,20
BRDA:134,279,0,55
BRDA:134,280,0,21
BRDA:134,281,0,34
BRDA:134,282,0,0
BRDA:134,283,0,439
BRDA:134,284,0,312
BRDA:134,285,0,183
BRDA:134,286,0,312
BRDA:134,287,0,183
BRDA:134,288,0,372
BRDA:134,289,0,305
BRDA:134,290,0,201
BRDA:134,291,0,238
BRDA:134,292,0,0
BRDA:135,293,0,45
BRDA:136,294,0,34
BRDA:137,295,0,35
BRDA:137,296,0,20
BRDA:137,297,0,17
BRDA:137,298,0,9
BRDA:138,299,0,10
BRDA:139,300,0,6
BRDA:140,301,0,3
BRDA:141,302,0,3
BRDA:142,303,0,26
BRDA:143,304,0,6
BRDA:144,305,0,3
BRDA:145,306,0,25
BRDA:146,307,0,7
BRDA:146,308,0,2
BRDA:146,309,0,5
BRDA:147,310,0,4
BRDA:147,311,0,1
BRDA:147,312,0,3
BRDA:147,313,0,1
BRDA:147,314,0,2
BRDA:147,315,0,0
BRDA:147,316,0,15
BRDA:147,317,0,10
BRDA:147,318,0,5
BRDA:148,319,0,5
BRDA:148,320,0,4
BRDA:148,321,0,0
BRDA:148,322,0,21
BRDA:148,323,0,21
BRDA:148,324,0,8
BRDA:148,325,0,4
BRDA:148,326,0,1
BRDA:148,327,0,3
BRDA:148,328,0,1
BRDA:148,329,0,2
BRDA:148,330,0,0
BRDA:148,331,0,0
BRDA:148,332,0,4
BRDA:148,333,0,0
BRDA:148,334,0,0
BRDA:148,335,0,4
BRDA:148,336,0,1
BRDA:148,337,0,3
BRDA:148,338,0,1
BRDA:148,339,0,2
BRDA:148,340,0,13
BRDA:148,341,0,4
BRDA:148,342,0,1
BRDA:148,343,0,3
BRDA:148,344,0,1
BRDA:148,345,0,2
BRDA:148,346,0,9
BRDA:148,347,0,0
BRDA:148,348,0,9
BRDA:148,349,0,3
BRDA:148,350,0,1
BRDA:148,351,0,2
BRDA:148,352,0,1
BRDA:148,353,0,1
BRDA:148,354,0,6
BRDA:148,355,0,3
BRDA:148,356,0,6
BRDA:148,357,0,2
BRDA:148,358,0,4
BRDA:148,359,0,2
BRDA:148,360,0,2
BRDA:148,361,0,0
BRDA:148,362,0,0
BRDA:149,363,0,3
BRDA:149,364,0,0
BRDA:149,365,0,0
BRDA:149,366,0,0
BRDA:149,367,0,0
BRDA:149,368,0,1
BRDA:149,369,0,2
BRDA:150,370,0,3
BRDA:151,371,0,4
BRDA:151,372,0,2
BRDA:151,373,0,0
BRDA:151,374,0,0
BRDA:151,375,0,2
BRDA:151,376,0,0
BRDA:151,377,0,2
BRDA:151,378,0,1
BRDA:151,379,0,1
BRDA:151,380,0,2
BRDA:152,381,0,3
BRDA:152,382,0,1
BRDA:152,383,0,2
BRDA:152,384,0,1
BRDA:152,385,0,1
BRDA:153,386,0,2
BRDA:154,387,0,3
BRDA:159,388,0,9
BRDA:162,389,0,1
BRDA:164,390,0,8
BRDA:164,391,0,6
BRDA:171,392,0,2
BRDA:171,393,0,1
BRDA:180,394,0,0
BRDA:165,395,0,145
BRDA:167,396,0,96
BRDA:167,397,0,83
BRDA:168,398,0,62
BRDA:172,399,0,101
BRDA:177,400,0,117
BRF:401
BRH:304
end_of_record
TN:
SF:src\adapter\memory\adapter.js
FN:3,createMemorySchemaless
FN:9,collection
FN:10,listCollections
FN:11,dropCollection
FN:12,createIndex
FN:13,dropIndex
FNF:6
FNH:4
FNDA:1,createMemorySchemaless
FNDA:4,collection
FNDA:1,listCollections
FNDA:1,dropCollection
FNDA:0,createIndex
FNDA:0,dropIndex
DA:1,1
DA:2,1
DA:3,1
DA:4,1
DA:5,1
DA:6,1
DA:7,1
DA:8,1
DA:9,1
DA:10,1
DA:11,1
DA:12,1
DA:13,1
DA:14,1
DA:15,1
DA:16,1
DA:17,1
DA:18,1
DA:19,1
LF:19
LH:19
BRDA:1,0,0,1
BRDA:3,1,0,1
BRDA:9,2,0,4
BRDA:10,3,0,1
BRDA:11,4,0,1
BRF:5
BRH:5
end_of_record
TN:
SF:src\adapter\memory\memory.js
FN:7,isObject
FN:8,is$
FN:14,deepEquals
FN:25,getPath
FN:35,setPath
FN:49,delPath
FN:59,clone
FN:75,$eq
FN:76,$ne
FN:77,$gt
FN:78,$gte
FN:79,$lt
FN:80,$lte
FN:82,$in
FN:83,$nin
FN:85,$and
FN:86,$or
FN:87,$not
FN:88,$nor
FN:90,$regex
FN:91,$exists
FN:93,$type
FN:104,$mod
FN:105,$elemMatch
FN:106,$all
FN:107,$size
FN:108,$where
FN:109,$expr
FN:110,$like
FN:111,$ilike
FN:112,$nlike
FN:113,$nilike
FN:114,$between
FN:123,$add
FN:124,$subtract
FN:125,$multiply
FN:126,$divide
FN:130,$mod
FN:134,$abs
FN:135,$ceil
FN:136,$floor
FN:137,$round
FN:142,$pow
FN:143,$sqrt
FN:146,$concat
FN:147,$upper
FN:148,$lower
FN:149,$substr
FN:155,$strLen
FN:156,$trim
FN:157,$ltrim
FN:158,$rtrim
FN:159,$replace
FN:163,$split
FN:166,$min
FN:167,$max
FN:168,$avg
FN:172,$sum
FN:175,$eq
FN:176,$ne
FN:177,$gt
FN:178,$gte
FN:179,$lt
FN:180,$lte
FN:183,$in
FN:188,$nin
FN:193,$size
FN:197,$arrayElemAt
FN:203,$slice
FN:213,$map
FN:218,$filter
FN:223,$reduce
FN:230,$and
FN:231,$or
FN:232,$not
FN:235,$cond
FN:236,$ifNull
FN:240,$switch
FN:253,$type
FN:263,$year
FN:267,$month
FN:271,$dayOfMonth
FN:275,$hour
FN:279,$minute
FN:283,$second
FN:287,$millisecond
FN:291,$dayOfWeek
FN:297,$toString
FN:298,$toInt
FN:299,$toDouble
FN:300,$toBool
FN:301,$toDate
FN:304,$literal
FN:312,$set
FN:313,$unset
FN:314,$inc
FN:315,$mul
FN:317,$min
FN:322,$max
FN:327,$push
FN:362,$pull
FN:370,$pullAll
FN:377,$addToSet
FN:392,$pop
FN:400,$rename
FN:408,$currentDate
FN:410,$setOnInsert
FN:420,$match
FN:422,$project
FN:444,$addFields
FN:452,$set
FN:454,$unset
FN:461,$group
FN:522,$sort
FN:535,$limit
FN:536,$skip
FN:537,$count
FN:539,$unwind
FN:564,$bucket
FN:568,getBucket
FN:631,$sortByCount
FN:648,createMemoryDB
FN:650,filter
FN:653,evalCond
FN:677,expression
FN:681,expr
FN:688,project
FN:718,aggregate
FN:742,FindQuery
FN:753,sort
FN:754,skip
FN:755,limit
FN:756,distinct
FN:757,count
FN:759,toArray
FN:793,toString
FN:806,Collection
FN:818,_genId
FN:819,_genMongoId
FN:825,find
FN:836,findOne
FN:841,findById
FN:845,insertOne
FN:864,insertMany
FN:870,updateOne
FN:900,updateMany
FN:920,replaceOne
FN:934,deleteOne
FN:941,deleteMany
FN:949,countDocuments
FN:953,estimatedDocumentCount
FN:957,distinct
FN:971,aggregate
FN:975,drop
FN:981,getAll
FN:985,size
FN:992,Database
FN:997,collection
FN:1004,dropCollection
FN:1008,listCollections
FN:1012,stats
FN:1027,dropDatabase
FN:1035,filter
FN:1036,expression
FN:1037,update
FN:1038,stage
FN:1041,db
FN:1042,collection
FNF:168
FNH:74
FNDA:767,isObject
FNDA:416,is$
FNDA:159,deepEquals
FNDA:327,getPath
FNDA:25,setPath
FNDA:0,delPath
FNDA:223,clone
FNDA:7,$eq
FNDA:5,$ne
FNDA:5,$gt
FNDA:15,$gte
FNDA:11,$lt
FNDA:5,$lte
FNDA:16,$in
FNDA:5,$nin
FNDA:5,$and
FNDA:5,$or
FNDA:5,$not
FNDA:5,$nor
FNDA:5,$regex
FNDA:5,$exists
FNDA:0,$type
FNDA:5,$mod
FNDA:5,$elemMatch
FNDA:5,$all
FNDA:5,$size
FNDA:0,$where
FNDA:5,$expr
FNDA:5,$like
FNDA:0,$ilike
FNDA:0,$nlike
FNDA:0,$nilike
FNDA:5,$between
FNDA:5,$add
FNDA:0,$subtract
FNDA:0,$multiply
FNDA:0,$divide
FNDA:0,$mod
FNDA:0,$abs
FNDA:0,$ceil
FNDA:0,$floor
FNDA:0,$round
FNDA:0,$pow
FNDA:0,$sqrt
FNDA:0,$concat
FNDA:0,$upper
FNDA:0,$lower
FNDA:0,$substr
FNDA:0,$strLen
FNDA:0,$trim
FNDA:0,$ltrim
FNDA:0,$rtrim
FNDA:0,$replace
FNDA:0,$split
FNDA:0,$min
FNDA:0,$max
FNDA:0,$avg
FNDA:0,$sum
FNDA:0,$eq
FNDA:0,$ne
FNDA:5,$gt
FNDA:5,$gte
FNDA:0,$lt
FNDA:0,$lte
FNDA:0,$in
FNDA:0,$nin
FNDA:0,$size
FNDA:0,$arrayElemAt
FNDA:0,$slice
FNDA:0,$map
FNDA:0,$filter
FNDA:0,$reduce
FNDA:0,$and
FNDA:0,$or
FNDA:0,$not
FNDA:0,$cond
FNDA:0,$ifNull
FNDA:0,$switch
FNDA:0,$type
FNDA:0,$year
FNDA:0,$month
FNDA:0,$dayOfMonth
FNDA:0,$hour
FNDA:0,$minute
FNDA:0,$second
FNDA:0,$millisecond
FNDA:0,$dayOfWeek
FNDA:0,$toString
FNDA:0,$toInt
FNDA:0,$toDouble
FNDA:0,$toBool
FNDA:0,$toDate
FNDA:0,$literal
FNDA:13,$set
FNDA:0,$unset
FNDA:4,$inc
FNDA:0,$mul
FNDA:0,$min
FNDA:0,$max
FNDA:0,$push
FNDA:0,$pull
FNDA:0,$pullAll
FNDA:0,$addToSet
FNDA:0,$pop
FNDA:0,$rename
FNDA:0,$currentDate
FNDA:0,$setOnInsert
FNDA:13,$match
FNDA:8,$project
FNDA:5,$addFields
FNDA:0,$set
FNDA:0,$unset
FNDA:2,$group
FNDA:3,$sort
FNDA:1,$limit
FNDA:0,$skip
FNDA:1,$count
FNDA:2,$unwind
FNDA:1,$bucket
FNDA:5,getBucket
FNDA:0,$sortByCount
FNDA:2,createMemoryDB
FNDA:111,filter
FNDA:217,evalCond
FNDA:63,expression
FNDA:30,expr
FNDA:0,project
FNDA:7,aggregate
FNDA:37,FindQuery
FNDA:2,sort
FNDA:1,skip
FNDA:10,limit
FNDA:0,distinct
FNDA:0,count
FNDA:37,toArray
FNDA:0,toString
FNDA:6,Collection
FNDA:11,_genId
FNDA:1,_genMongoId
FNDA:37,find
FNDA:4,findOne
FNDA:0,findById
FNDA:12,insertOne
FNDA:1,insertMany
FNDA:7,updateOne
FNDA:3,updateMany
FNDA:0,replaceOne
FNDA:1,deleteOne
FNDA:1,deleteMany
FNDA:1,countDocuments
FNDA:1,estimatedDocumentCount
FNDA:1,distinct
FNDA:7,aggregate
FNDA:0,drop
FNDA:0,getAll
FNDA:0,size
FNDA:1,Database
FNDA:4,collection
FNDA:1,dropCollection
FNDA:1,listCollections
FNDA:0,stats
FNDA:0,dropDatabase
FNDA:0,filter
FNDA:0,expression
FNDA:0,update
FNDA:0,stage
FNDA:1,db
FNDA:2,collection
DA:1,1
DA:2,1
DA:3,1
DA:4,1
DA:5,1
DA:6,1
DA:7,1
DA:8,1
DA:9,1
DA:10,1
DA:11,1
DA:12,1
DA:13,1
DA:14,1
DA:15,159
DA:16,159
DA:17,159
DA:18,159
DA:19,0
DA:20,0
DA:21,0
DA:22,88
DA:23,1
DA:24,1
DA:25,1
DA:26,327
DA:27,327
DA:28,327
DA:29,336
DA:30,333
DA:31,333
DA:32,324
DA:33,1
DA:34,1
DA:35,1
DA:36,25
DA:37,25
DA:38,25
DA:39,1
DA:40,1
DA:41,1
DA:42,0
DA:43,0
DA:44,1
DA:45,1
DA:46,25
DA:47,1
DA:48,1
DA:49,1
DA:50,0
DA:51,0
DA:52,0
DA:53,0
DA:54,0
DA:55,0
DA:56,0
DA:57,1
DA:58,1
DA:59,1
DA:60,223
DA:61,223
DA:62,223
DA:63,49
DA:64,49
DA:65,49
DA:66,49
DA:67,161
DA:68,1
DA:69,1
DA:70,1
DA:71,1
DA:72,1
DA:73,1
DA:74,1
DA:75,1
DA:76,1
DA:77,1
DA:78,1
DA:79,1
DA:80,1
DA:81,1
DA:82,1
DA:83,1
DA:84,1
DA:85,1
DA:86,1
DA:87,1
DA:88,1
DA:89,1
DA:90,1
DA:91,1
DA:92,1
DA:93,1
DA:94,0
DA:95,0
DA:96,0
DA:97,0
DA:98,0
DA:99,0
DA:100,0
DA:101,0
DA:102,1
DA:103,1
DA:104,1
DA:105,1
DA:106,1
DA:107,1
DA:108,1
DA:109,1
DA:110,1
DA:111,1
DA:112,1
DA:113,1
DA:114,1
DA:115,1
DA:116,1
DA:117,1
DA:118,1
DA:119,1
DA:120,1
DA:121,1
DA:122,1
DA:123,1
DA:124,1
DA:125,1
DA:126,1
DA:127,0
DA:128,0
DA:129,1
DA:130,1
DA:131,0
DA:132,0
DA:133,1
DA:134,1
DA:135,1
DA:136,1
DA:137,1
DA:138,0
DA:139,0
DA:140,0
DA:141,1
DA:142,1
DA:143,1
DA:144,1
DA:145,1
DA:146,1
DA:147,1
DA:148,1
DA:149,1
DA:150,0
DA:151,0
DA:152,0
DA:153,0
DA:154,1
DA:155,1
DA:156,1
DA:157,1
DA:158,1
DA:159,1
DA:160,0
DA:161,0
DA:162,1
DA:163,1
DA:164,1
DA:165,1
DA:166,1
DA:167,1
DA:168,1
DA:169,0
DA:170,0
DA:171,1
DA:172,1
DA:173,1
DA:174,1
DA:175,1
DA:176,1
DA:177,1
DA:178,1
DA:179,1
DA:180,1
DA:181,1
DA:182,1
DA:183,1
DA:184,0
DA:185,0
DA:186,0
DA:187,1
DA:188,1
DA:189,0
DA:190,0
DA:191,0
DA:192,1
DA:193,1
DA:194,0
DA:195,0
DA:196,1
DA:197,1
DA:198,0
DA:199,0
DA:200,0
DA:201,0
DA:202,1
DA:203,1
DA:204,0
DA:205,0
DA:206,0
DA:207,0
DA:208,0
DA:209,0
DA:210,0
DA:211,0
DA:212,1
DA:213,1
DA:214,0
DA:215,0
DA:216,0
DA:217,1
DA:218,1
DA:219,0
DA:220,0
DA:221,0
DA:222,1
DA:223,1
DA:224,0
DA:225,0
DA:226,0
DA:227,1
DA:228,1
DA:229,1
DA:230,1
DA:231,1
DA:232,1
DA:233,1
DA:234,1
DA:235,1
DA:236,1
DA:237,0
DA:238,0
DA:239,1
DA:240,1
DA:241,0
DA:242,0
DA:243,0
DA:244,0
DA:245,0
DA:246,0
DA:247,0
DA:248,0
DA:249,0
DA:250,1
DA:251,1
DA:252,1
DA:253,1
DA:254,0
DA:255,0
DA:256,0
DA:257,0
DA:258,0
DA:259,0
DA:260,1
DA:261,1
DA:262,1
DA:263,1
DA:264,0
DA:265,0
DA:266,1
DA:267,1
DA:268,0
DA:269,0
DA:270,1
DA:271,1
DA:272,0
DA:273,0
DA:274,1
DA:275,1
DA:276,0
DA:277,0
DA:278,1
DA:279,1
DA:280,0
DA:281,0
DA:282,1
DA:283,1
DA:284,0
DA:285,0
DA:286,1
DA:287,1
DA:288,0
DA:289,0
DA:290,1
DA:291,1
DA:292,0
DA:293,0
DA:294,1
DA:295,1
DA:296,1
DA:297,1
DA:298,1
DA:299,1
DA:300,1
DA:301,1
DA:302,1
DA:303,1
DA:304,1
DA:305,1
DA:306,1
DA:307,1
DA:308,1
DA:309,1
DA:310,1
DA:311,1
DA:312,1
DA:313,1
DA:314,1
DA:315,1
DA:316,1
DA:317,1
DA:318,0
DA:319,0
DA:320,1
DA:321,1
DA:322,1
DA:323,0
DA:324,0
DA:325,1
DA:326,1
DA:327,1
DA:328,0
DA:329,0
DA:330,0
DA:331,0
DA:332,0
DA:333,0
DA:334,0
DA:335,0
DA:336,0
DA:337,0
DA:338,0
DA:339,0
DA:340,0
DA:341,0
DA:342,0
DA:343,0
DA:344,0
DA:345,0
DA:346,0
DA:347,0
DA:348,0
DA:349,0
DA:350,0
DA:351,0
DA:352,0
DA:353,0
DA:354,0
DA:355,0
DA:356,0
DA:357,0
DA:358,0
DA:359,0
DA:360,1
DA:361,1
DA:362,1
DA:363,0
DA:364,0
DA:365,0
DA:366,0
DA:367,0
DA:368,1
DA:369,1
DA:370,1
DA:371,0
DA:372,0
DA:373,0
DA:374,0
DA:375,1
DA:376,1
DA:377,1
DA:378,0
DA:379,0
DA:380,0
DA:381,0
DA:382,0
DA:383,0
DA:384,0
DA:385,0
DA:386,0
DA:387,0
DA:388,0
DA:389,0
DA:390,1
DA:391,1
DA:392,1
DA:393,0
DA:394,0
DA:395,0
DA:396,0
DA:397,0
DA:398,1
DA:399,1
DA:400,1
DA:401,0
DA:402,0
DA:403,0
DA:404,0
DA:405,0
DA:406,1
DA:407,1
DA:408,1
DA:409,1
DA:410,1
DA:411,0
DA:412,1
DA:413,1
DA:414,1
DA:415,1
DA:416,1
DA:417,1
DA:418,1
DA:419,1
DA:420,1
DA:421,1
DA:422,1
DA:423,8
DA:424,8
DA:425,8
DA:426,8
DA:427,0
DA:428,0
DA:429,0
DA:430,8
DA:431,8
DA:432,16
DA:433,0
DA:434,0
DA:435,8
DA:436,8
DA:437,8
DA:438,8
DA:439,8
DA:440,8
DA:441,8
DA:442,1
DA:443,1
DA:444,1
DA:445,5
DA:446,5
DA:447,5
DA:448,5
DA:449,5
DA:450,1
DA:451,1
DA:452,1
DA:453,1
DA:454,1
DA:455,0
DA:456,0
DA:457,0
DA:458,0
DA:459,1
DA:460,1
DA:461,1
DA:462,2
DA:463,10
DA:464,10
DA:465,10
DA:466,10
DA:467,2
DA:468,2
DA:469,2
DA:470,4
DA:471,4
DA:472,4
DA:473,4
DA:474,4
DA:475,4
DA:476,4
DA:477,4
DA:478,4
DA:479,1
DA:480,1
DA:481,4
DA:482,3
DA:483,3
DA:484,3
DA:485,4
DA:486,0
DA:487,0
DA:488,4
DA:489,0
DA:490,0
DA:491,4
DA:492,0
DA:493,0
DA:494,4
DA:495,0
DA:496,0
DA:497,0
DA:498,0
DA:499,0
DA:500,0
DA:501,0
DA:502,0
DA:503,0
DA:504,0
DA:505,0
DA:506,0
DA:507,4
DA:508,0
DA:509,0
DA:510,4
DA:511,0
DA:512,0
DA:513,4
DA:514,0
DA:515,4
DA:516,4
DA:517,4
DA:518,4
DA:519,2
DA:520,1
DA:521,1
DA:522,1
DA:523,12
DA:524,12
DA:525,12
DA:526,12
DA:527,11
DA:528,11
DA:529,11
DA:530,11
DA:531,12
DA:532,1
DA:533,1
DA:534,1
DA:535,1
DA:536,1
DA:537,1
DA:538,1
DA:539,1
DA:540,2
DA:541,2
DA:542,2
DA:543,2
DA:544,2
DA:545,2
DA:546,10
DA:547,10
DA:548,4
DA:549,6
DA:550,6
DA:551,6
DA:552,6
DA:553,4
DA:554,10
DA:555,0
DA:556,0
DA:557,0
DA:558,0
DA:559,2
DA:560,2
DA:561,2
DA:562,1
DA:563,1
DA:564,1
DA:565,1
DA:566,1
DA:567,1
DA:568,1
DA:569,5
DA:570,9
DA:571,9
DA:572,0
DA:573,1
DA:574,1
DA:575,1
DA:576,1
DA:577,5
DA:578,5
DA:579,5
DA:580,5
DA:581,5
DA:582,1
DA:583,1
DA:584,1
DA:585,3
DA:586,3
DA:587,0
DA:588,0
DA:589,0
DA:590,0
DA:591,0
DA:592,0
DA:593,0
DA:594,0
DA:595,0
DA:596,0
DA:597,0
DA:598,0
DA:599,0
DA:600,0
DA:601,0
DA:602,0
DA:603,0
DA:604,0
DA:605,0
DA:606,0
DA:607,0
DA:608,0
DA:609,0
DA:610,0
DA:611,0
DA:612,0
DA:613,0
DA:614,0
DA:615,0
DA:616,0
DA:617,0
DA:618,0
DA:619,0
DA:620,0
DA:621,0
DA:622,0
DA:623,0
DA:624,0
DA:625,3
DA:626,1
DA:627,1
DA:628,1
DA:629,1
DA:630,1
DA:631,1
DA:632,0
DA:633,0
DA:634,0
DA:635,0
DA:636,0
DA:637,0
DA:638,0
DA:639,0
DA:640,0
DA:641,1
DA:642,1
DA:643,1
DA:644,1
DA:645,1
DA:646,1
DA:647,1
DA:648,1
DA:649,2
DA:650,2
DA:651,269
DA:652,269
DA:653,269
DA:654,217
DA:655,107
DA:656,107
DA:657,107
DA:658,107
DA:659,107
DA:660,0
DA:661,107
DA:662,107
DA:663,110
DA:664,269
DA:665,269
DA:666,269
DA:667,244
DA:668,27
DA:669,27
DA:670,27
DA:671,217
DA:672,217
DA:673,269
DA:674,2
DA:675,2
DA:676,2
DA:677,2
DA:678,63
DA:679,15
DA:680,15
DA:681,15
DA:682,15
DA:683,63
DA:684,15
DA:685,2
DA:686,2
DA:687,2
DA:688,2
DA:689,0
DA:690,0
DA:691,0
DA:692,0
DA:693,0
DA:694,0
DA:695,0
DA:696,0
DA:697,0
DA:698,0
DA:699,0
DA:700,0
DA:701,0
DA:702,0
DA:703,0
DA:704,0
DA:705,0
DA:706,0
DA:707,0
DA:708,0
DA:709,0
DA:710,0
DA:711,0
DA:712,0
DA:713,0
DA:714,0
DA:715,2
DA:716,2
DA:717,2
DA:718,2
DA:719,7
DA:720,7
DA:721,7
DA:722,7
DA:723,7
DA:724,16
DA:725,16
DA:726,16
DA:727,3
DA:728,16
DA:729,3
DA:730,13
DA:731,3
DA:732,10
DA:733,7
DA:734,7
DA:735,16
DA:736,7
DA:737,7
DA:738,2
DA:739,2
DA:740,2
DA:741,2
DA:742,2
DA:743,37
DA:744,37
DA:745,37
DA:746,37
DA:747,37
DA:748,37
DA:749,37
DA:750,37
DA:751,37
DA:752,2
DA:753,2
DA:754,2
DA:755,2
DA:756,2
DA:757,2
DA:758,2
DA:759,2
DA:760,37
DA:761,37
DA:762,2
DA:763,2
DA:764,9
DA:765,9
DA:766,9
DA:767,9
DA:768,9
DA:769,9
DA:770,9
DA:771,9
DA:772,9
DA:773,0
DA:774,2
DA:775,2
DA:776,37
DA:777,37
DA:778,37
DA:779,37
DA:780,37
DA:781,0
DA:782,0
DA:783,0
DA:784,0
DA:785,0
DA:786,0
DA:787,0
DA:788,0
DA:789,37
DA:790,37
DA:791,37
DA:792,2
DA:793,2
DA:794,0
DA:795,0
DA:796,0
DA:797,0
DA:798,0
DA:799,0
DA:800,0
DA:801,0
DA:802,2
DA:803,2
DA:804,2
DA:805,2
DA:806,2
DA:807,6
DA:808,6
DA:809,6
DA:810,6
DA:811,6
DA:812,6
DA:813,6
DA:814,6
DA:815,6
DA:816,6
DA:817,2
DA:818,2
DA:819,2
DA:820,1
DA:821,1
DA:822,1
DA:823,1
DA:824,2
DA:825,2
DA:826,37
DA:827,37
DA:828,2
DA:829,2
DA:830,2
DA:831,2
DA:832,2
DA:833,37
DA:834,37
DA:835,2
DA:836,2
DA:837,4
DA:838,4
DA:839,4
DA:840,2
DA:841,2
DA:842,0
DA:843,0
DA:844,2
DA:845,2
DA:846,12
DA:847,12
DA:848,12
DA:849,12
DA:850,1
DA:851,1
DA:852,1
DA:853,12
DA:854,11
DA:855,11
DA:856,11
DA:857,0
DA:858,0
DA:859,11
DA:860,12
DA:861,12
DA:862,12
DA:863,2
DA:864,2
DA:865,1
DA:866,1
DA:867,1
DA:868,1
DA:869,2
DA:870,2
DA:871,7
DA:872,7
DA:873,7
DA:874,2
DA:875,2
DA:876,2
DA:877,2
DA:878,0
DA:879,2
DA:880,2
DA:881,2
DA:882,2
DA:883,0
DA:884,0
DA:885,5
DA:886,5
DA:887,5
DA:888,5
DA:889,5
DA:890,5
DA:891,5
DA:892,0
DA:893,0
DA:894,5
DA:895,5
DA:896,5
DA:897,5
DA:898,7
DA:899,2
DA:900,2
DA:901,3
DA:902,3
DA:903,15
DA:904,10
DA:905,10
DA:906,10
DA:907,10
DA:908,10
DA:909,10
DA:910,0
DA:911,0
DA:912,10
DA:913,10
DA:914,10
DA:915,10
DA:916,3
DA:917,3
DA:918,3
DA:919,2
DA:920,2
DA:921,0
DA:922,0
DA:923,0
DA:924,0
DA:925,0
DA:926,0
DA:927,0
DA:928,0
DA:929,0
DA:930,0
DA:931,0
DA:932,0
DA:933,2
DA:934,2
DA:935,1
DA:936,1
DA:937,1
DA:938,1
DA:939,1
DA:940,2
DA:941,2
DA:942,1
DA:943,1
DA:944,6
DA:945,6
DA:946,1
DA:947,1
DA:948,2
DA:949,2
DA:950,1
DA:951,1
DA:952,2
DA:953,2
DA:954,1
DA:955,1
DA:956,2
DA:957,2
DA:958,1
DA:959,1
DA:960,1
DA:961,1
DA:962,5
DA:963,5
DA:964,5
DA:965,5
DA:966,5
DA:967,1
DA:968,1
DA:969,1
DA:970,2
DA:971,2
DA:972,7
DA:973,7
DA:974,2
DA:975,2
DA:976,0
DA:977,0
DA:978,0
DA:979,0
DA:980,2
DA:981,2
DA:982,0
DA:983,0
DA:984,2
DA:985,2
DA:986,0
DA:987,0
DA:988,2
DA:989,2
DA:990,2
DA:991,2
DA:992,2
DA:993,1
DA:994,1
DA:995,1
DA:996,2
DA:997,2
DA:998,4
DA:999,4
DA:1000,4
DA:1001,4
DA:1002,4
DA:1003,2
DA:1004,2
DA:1005,1
DA:1006,1
DA:1007,2
DA:1008,2
DA:1009,1
DA:1010,1
DA:1011,2
DA:1012,2
DA:1013,0
DA:1014,0
DA:1015,0
DA:1016,0
DA:1017,0
DA:1018,0
DA:1019,0
DA:1020,0
DA:1021,0
DA:1022,0
DA:1023,0
DA:1024,0
DA:1025,0
DA:1026,2
DA:1027,2
DA:1028,0
DA:1029,0
DA:1030,0
DA:1031,2
DA:1032,2
DA:1033,2
DA:1034,2
DA:1035,2
DA:1036,2
DA:1037,2
DA:1038,2
DA:1039,2
DA:1040,2
DA:1041,2
DA:1042,2
DA:1043,2
DA:1044,2
DA:1045,2
DA:1046,2
DA:1047,2
DA:1048,2
DA:1049,2
DA:1050,2
DA:1051,2
DA:1052,2
DA:1053,2
DA:1054,2
DA:1055,2
DA:1056,1
DA:1057,1
DA:1058,1
DA:1059,1
DA:1060,1
DA:1061,1
DA:1062,1
DA:1063,1
DA:1064,1
DA:1065,1
DA:1066,1
DA:1067,1
DA:1068,1
DA:1069,1
DA:1070,1
DA:1071,1
DA:1072,1
DA:1073,1
DA:1074,1
LF:1074
LH:734
BRDA:1,0,0,1
BRDA:7,1,0,767
BRDA:7,2,0,446
BRDA:7,3,0,446
BRDA:8,4,0,416
BRDA:8,5,0,401
BRDA:14,6,0,159
BRDA:15,7,0,59
BRDA:16,8,0,100
BRDA:16,9,0,88
BRDA:16,10,0,12
BRDA:16,11,0,0
BRDA:17,12,0,88
BRDA:17,13,0,0
BRDA:18,14,0,88
BRDA:18,15,0,0
BRDA:22,16,0,88
BRDA:25,17,0,327
BRDA:26,18,0,0
BRDA:28,19,0,336
BRDA:29,20,0,3
BRDA:30,21,0,333
BRDA:32,22,0,324
BRDA:35,23,0,25
BRDA:36,24,0,0
BRDA:38,25,0,1
BRDA:41,26,0,0
BRDA:59,27,0,223
BRDA:60,28,0,0
BRDA:61,29,0,13
BRDA:62,30,0,210
BRDA:62,31,0,49
BRDA:64,32,0,176
BRDA:67,33,0,161
BRDA:75,34,0,7
BRDA:76,35,0,5
BRDA:77,36,0,5
BRDA:78,37,0,15
BRDA:79,38,0,11
BRDA:80,39,0,5
BRDA:82,40,0,16
BRDA:82,41,0,0
BRDA:82,42,0,25
BRDA:83,43,0,5
BRDA:83,44,0,0
BRDA:83,45,0,9
BRDA:85,46,0,5
BRDA:85,47,0,9
BRDA:86,48,0,5
BRDA:86,49,0,8
BRDA:87,50,0,5
BRDA:88,51,0,5
BRDA:88,52,0,6
BRDA:90,53,0,5
BRDA:90,54,0,0
BRDA:91,55,0,5
BRDA:91,56,0,0
BRDA:91,57,0,0
BRDA:104,58,0,5
BRDA:105,59,0,5
BRDA:105,60,0,2
BRDA:106,61,0,5
BRDA:106,62,0,5
BRDA:106,63,0,3
BRDA:107,64,0,5
BRDA:109,65,0,5
BRDA:110,66,0,5
BRDA:114,67,0,5
BRDA:114,68,0,3
BRDA:123,69,0,5
BRDA:123,70,0,10
BRDA:123,71,0,0
BRDA:123,72,0,10
BRDA:177,73,0,5
BRDA:178,74,0,5
BRDA:312,75,0,13
BRDA:312,76,0,15
BRDA:314,77,0,4
BRDA:314,78,0,4
BRDA:314,79,0,0
BRDA:420,80,0,13
BRDA:420,81,0,11
BRDA:420,82,0,2
BRDA:422,83,0,8
BRDA:426,84,0,0
BRDA:437,85,0,0
BRDA:438,86,0,0
BRDA:424,87,0,16
BRDA:431,88,0,16
BRDA:432,89,0,0
BRDA:433,90,0,0
BRDA:444,91,0,5
BRDA:446,92,0,5
BRDA:461,93,0,2
BRDA:462,94,0,10
BRDA:463,95,0,5
BRDA:463,96,0,5
BRDA:464,97,0,4
BRDA:464,98,0,1
BRDA:464,99,0,3
BRDA:469,100,0,4
BRDA:472,101,0,4
BRDA:473,102,0,0
BRDA:478,103,0,1
BRDA:479,104,0,0
BRDA:481,105,0,3
BRDA:483,106,0,0
BRDA:485,107,0,0
BRDA:488,108,0,0
BRDA:491,109,0,0
BRDA:494,110,0,0
BRDA:507,111,0,0
BRDA:510,112,0,0
BRDA:513,113,0,0
BRDA:479,114,0,5
BRDA:479,115,0,0
BRDA:482,116,0,5
BRDA:482,117,0,0
BRDA:483,118,0,5
BRDA:522,119,0,3
BRDA:522,120,0,12
BRDA:526,121,0,11
BRDA:527,122,0,0
BRDA:528,123,0,0
BRDA:529,124,0,5
BRDA:529,125,0,6
BRDA:532,126,0,1
BRDA:535,127,0,1
BRDA:537,128,0,1
BRDA:539,129,0,2
BRDA:540,130,0,1
BRDA:540,131,0,1
BRDA:541,132,0,1
BRDA:542,133,0,1
BRDA:542,134,0,1
BRDA:545,135,0,10
BRDA:547,136,0,4
BRDA:554,137,0,6
BRDA:554,138,0,0
BRDA:548,139,0,6
BRDA:551,140,0,0
BRDA:564,141,0,1
BRDA:566,142,0,0
BRDA:568,143,0,5
BRDA:569,144,0,9
BRDA:570,145,0,5
BRDA:572,146,0,0
BRDA:576,147,0,5
BRDA:580,148,0,3
BRDA:584,149,0,3
BRDA:586,150,0,0
BRDA:586,151,0,0
BRDA:648,152,0,2
BRDA:650,153,0,111
BRDA:650,154,0,269
BRDA:651,155,0,0
BRDA:653,156,0,217
BRDA:654,157,0,107
BRDA:663,158,0,110
BRDA:655,159,0,107
BRDA:657,160,0,0
BRDA:660,161,0,0
BRDA:666,162,0,244
BRDA:667,163,0,27
BRDA:668,164,0,0
BRDA:671,165,0,217
BRDA:677,166,0,63
BRDA:677,167,0,63
BRDA:678,168,0,15
BRDA:680,169,0,0
BRDA:681,170,0,0
BRDA:683,171,0,48
BRDA:683,172,0,33
BRDA:684,173,0,15
BRDA:681,174,0,30
BRDA:718,175,0,7
BRDA:718,176,0,7
BRDA:719,177,0,0
BRDA:721,178,0,0
BRDA:723,179,0,16
BRDA:725,180,0,0
BRDA:726,181,0,14
BRDA:726,182,0,13
BRDA:726,183,0,3
BRDA:728,184,0,13
BRDA:728,185,0,3
BRDA:730,186,0,10
BRDA:730,187,0,8
BRDA:730,188,0,7
BRDA:730,189,0,3
BRDA:732,190,0,7
BRDA:729,191,0,13
BRDA:731,192,0,13
BRDA:742,193,0,37
BRDA:753,194,0,2
BRDA:754,195,0,1
BRDA:755,196,0,10
BRDA:759,197,0,37
BRDA:761,198,0,2
BRDA:776,199,0,1
BRDA:777,200,0,10
BRDA:778,201,0,0
BRDA:780,202,0,0
BRDA:763,203,0,9
BRDA:768,204,0,0
BRDA:769,205,0,0
BRDA:770,206,0,7
BRDA:770,207,0,2
BRDA:773,208,0,0
BRDA:806,209,0,6
BRDA:810,210,0,2
BRDA:811,211,0,4
BRDA:812,212,0,0
BRDA:814,213,0,5
BRDA:815,214,0,0
BRDA:810,215,0,10
BRDA:810,216,0,5
BRDA:810,217,0,10
BRDA:818,218,0,11
BRDA:819,219,0,1
BRDA:821,220,0,16
BRDA:825,221,0,37
BRDA:827,222,0,2
BRDA:827,223,0,2
BRDA:828,224,0,1
BRDA:829,225,0,1
BRDA:830,226,0,1
BRDA:831,227,0,0
BRDA:836,228,0,4
BRDA:838,229,0,0
BRDA:845,230,0,12
BRDA:849,231,0,1
BRDA:851,232,0,0
BRDA:851,233,0,0
BRDA:853,234,0,11
BRDA:856,235,0,0
BRDA:864,236,0,1
BRDA:865,237,0,0
BRDA:866,238,0,2
BRDA:870,239,0,7
BRDA:873,240,0,2
BRDA:883,241,0,0
BRDA:885,242,0,5
BRDA:876,243,0,2
BRDA:878,244,0,0
BRDA:887,245,0,5
BRDA:889,246,0,0
BRDA:891,247,0,0
BRDA:900,248,0,3
BRDA:902,249,0,15
BRDA:903,250,0,10
BRDA:905,251,0,10
BRDA:907,252,0,0
BRDA:909,253,0,0
BRDA:934,254,0,1
BRDA:936,255,0,0
BRDA:941,256,0,1
BRDA:943,257,0,6
BRDA:944,258,0,1
BRDA:949,259,0,1
BRDA:953,260,0,1
BRDA:957,261,0,1
BRDA:958,262,0,5
BRDA:958,263,0,5
BRDA:961,264,0,5
BRDA:971,265,0,7
BRDA:992,266,0,1
BRDA:997,267,0,4
BRDA:999,268,0,0
BRDA:1004,269,0,1
BRDA:1008,270,0,1
BRDA:1041,271,0,1
BRDA:1042,272,0,2
BRF:273
BRH:204
end_of_record
TN:
SF:src\adapter\mongodb\adapter.js
FN:4,createMongoSchemaless
FN:20,MongoCollection
FN:21,insertOne
FN:22,insertMany
FN:23,find
FN:29,sort
FN:30,skip
FN:31,limit
FN:32,toArray
FN:33,count
FN:37,findOne
FN:38,updateOne
FN:39,updateMany
FN:40,upsertOne
FN:41,deleteOne
FN:42,deleteMany
FN:43,countDocuments
FN:44,estimatedDocumentCount
FN:45,distinct
FN:46,aggregate
FN:47,createIndex
FN:52,collection
FN:53,listCollections
FN:54,dropCollection
FN:55,createIndex
FNF:25
FNH:20
FNDA:1,createMongoSchemaless
FNDA:4,MongoCollection
FNDA:7,insertOne
FNDA:1,insertMany
FNDA:8,find
FNDA:1,sort
FNDA:0,skip
FNDA:1,limit
FNDA:8,toArray
FNDA:0,count
FNDA:5,findOne
FNDA:1,updateOne
FNDA:2,updateMany
FNDA:2,upsertOne
FNDA:1,deleteOne
FNDA:1,deleteMany
FNDA:1,countDocuments
FNDA:1,estimatedDocumentCount
FNDA:1,distinct
FNDA:0,aggregate
FNDA:0,createIndex
FNDA:4,collection
FNDA:1,listCollections
FNDA:2,dropCollection
FNDA:0,createIndex
DA:1,1
DA:2,1
DA:3,1
DA:4,1
DA:5,1
DA:6,1
DA:7,1
DA:8,1
DA:9,1
DA:10,1
DA:11,1
DA:12,1
DA:13,1
DA:14,1
DA:15,1
DA:16,1
DA:17,1
DA:18,1
DA:19,1
DA:20,1
DA:21,1
DA:22,1
DA:23,1
DA:24,8
DA:25,8
DA:26,8
DA:27,8
DA:28,8
DA:29,8
DA:30,8
DA:31,8
DA:32,8
DA:33,8
DA:34,8
DA:35,8
DA:36,8
DA:37,1
DA:38,1
DA:39,1
DA:40,1
DA:41,1
DA:42,1
DA:43,1
DA:44,1
DA:45,1
DA:46,1
DA:47,1
DA:48,1
DA:49,1
DA:50,1
DA:51,1
DA:52,1
DA:53,1
DA:54,1
DA:55,1
DA:56,1
DA:57,1
DA:58,1
DA:59,1
DA:60,1
DA:61,1
LF:61
LH:61
BRDA:1,0,0,1
BRDA:4,1,0,1
BRDA:6,2,0,0
BRDA:6,3,0,0
BRDA:7,4,0,0
BRDA:7,5,0,0
BRDA:8,6,0,0
BRDA:9,7,0,0
BRDA:10,8,0,0
BRDA:10,9,0,0
BRDA:10,10,0,0
BRDA:13,11,0,0
BRDA:20,12,0,4
BRDA:20,13,0,0
BRDA:21,14,0,7
BRDA:22,15,0,1
BRDA:23,16,0,8
BRDA:25,17,0,1
BRDA:26,18,0,1
BRDA:27,19,0,1
BRDA:29,20,0,1
BRDA:31,21,0,1
BRDA:32,22,0,8
BRDA:37,23,0,5
BRDA:38,24,0,1
BRDA:38,25,0,0
BRDA:39,26,0,2
BRDA:40,27,0,2
BRDA:40,28,0,0
BRDA:41,29,0,1
BRDA:42,30,0,1
BRDA:43,31,0,1
BRDA:44,32,0,1
BRDA:45,33,0,1
BRDA:52,34,0,4
BRDA:53,35,0,1
BRDA:53,36,0,4
BRDA:54,37,0,2
BRF:38
BRH:25
end_of_record
TN:
SF:tiny\index.js
FNF:0
FNH:0
DA:1,1
DA:2,1
DA:3,1
DA:4,1
DA:5,1
DA:6,1
DA:7,1
DA:8,1
DA:9,1
DA:10,1
DA:11,1
DA:12,1
DA:13,1
DA:14,1
DA:15,1
DA:16,1
DA:17,1
DA:18,1
DA:19,1
DA:20,1
DA:21,1
DA:22,1
DA:23,1
DA:24,1
DA:25,1
DA:26,1
DA:27,1
DA:28,1
DA:29,1
DA:30,1
DA:31,1
DA:32,1
DA:33,1
DA:34,1
DA:35,1
DA:36,1
DA:37,1
DA:38,1
DA:39,1
DA:40,1
DA:41,1
DA:42,1
DA:43,1
DA:44,1
DA:45,1
DA:46,1
LF:46
LH:46
BRDA:1,0,0,1
BRF:1
BRH:1
end_of_record
